This file contains any messages produced by compilers while
running configure, to aid debugging if configure makes a mistake.

It was created by libtrace configure 4.0.0, which was
generated by GNU Autoconf 2.69.  Invocation command line was

  $ ./configure 

## --------- ##
## Platform. ##
## --------- ##

hostname = raspberrypi
uname -m = armv7l
uname -r = 4.4.21-v7+
uname -s = Linux
uname -v = #911 SMP Thu Sep 15 14:22:38 BST 2016

/usr/bin/uname -p = unknown
/bin/uname -X     = unknown

/bin/arch              = unknown
/usr/bin/arch -k       = unknown
/usr/convex/getsysinfo = unknown
/usr/bin/hostinfo      = unknown
/bin/machine           = unknown
/usr/bin/oslevel       = unknown
/bin/universe          = unknown

PATH: /home/pi/.cargo/bin
PATH: /home/pi/.sdkman/candidates/gradle/current/bin
PATH: /usr/local/sbin
PATH: /usr/local/bin
PATH: /usr/sbin
PATH: /usr/bin
PATH: /sbin
PATH: /bin
PATH: /usr/local/games
PATH: /usr/games
PATH: /home/pi/.bin
PATH: /home/pi/.sdkman/bin


## ----------- ##
## Core tests. ##
## ----------- ##

configure:2900: checking for a BSD-compatible install
configure:2968: result: /usr/bin/install -c
configure:2979: checking whether build environment is sane
configure:3029: result: yes
configure:3170: checking for a thread-safe mkdir -p
configure:3209: result: /bin/mkdir -p
configure:3222: checking for gawk
configure:3252: result: no
configure:3222: checking for mawk
configure:3238: found /usr/bin/mawk
configure:3249: result: mawk
configure:3260: checking whether make sets $(MAKE)
configure:3282: result: yes
configure:3375: checking whether make supports nested variables
configure:3392: result: yes
configure:3481: checking for gcc
configure:3497: found /usr/bin/gcc
configure:3508: result: gcc
configure:3737: checking for C compiler version
configure:3746: gcc --version >&5
gcc (Raspbian 4.9.2-10) 4.9.2
Copyright (C) 2014 Free Software Foundation, Inc.
This is free software; see the source for copying conditions.  There is NO
warranty; not even for MERCHANTABILITY or FITNESS FOR A PARTICULAR PURPOSE.

configure:3757: $? = 0
configure:3746: gcc -v >&5
Using built-in specs.
COLLECT_GCC=gcc
COLLECT_LTO_WRAPPER=/usr/lib/gcc/arm-linux-gnueabihf/4.9/lto-wrapper
Target: arm-linux-gnueabihf
Configured with: ../src/configure -v --with-pkgversion='Raspbian 4.9.2-10' --with-bugurl=file:///usr/share/doc/gcc-4.9/README.Bugs --enable-languages=c,c++,java,go,d,fortran,objc,obj-c++ --prefix=/usr --program-suffix=-4.9 --enable-shared --enable-linker-build-id --libexecdir=/usr/lib --without-included-gettext --enable-threads=posix --with-gxx-include-dir=/usr/include/c++/4.9 --libdir=/usr/lib --enable-nls --with-sysroot=/ --enable-clocale=gnu --enable-libstdcxx-debug --enable-libstdcxx-time=yes --enable-gnu-unique-object --disable-libitm --disable-libquadmath --enable-plugin --with-system-zlib --disable-browser-plugin --enable-java-awt=gtk --enable-gtk-cairo --with-java-home=/usr/lib/jvm/java-1.5.0-gcj-4.9-armhf/jre --enable-java-home --with-jvm-root-dir=/usr/lib/jvm/java-1.5.0-gcj-4.9-armhf --with-jvm-jar-dir=/usr/lib/jvm-exports/java-1.5.0-gcj-4.9-armhf --with-arch-directory=arm --with-ecj-jar=/usr/share/java/eclipse-ecj.jar --enable-objc-gc --enable-multiarch --disable-sjlj-exceptions --with-arch=armv6 --with-fpu=vfp --with-float=hard --enable-checking=release --build=arm-linux-gnueabihf --host=arm-linux-gnueabihf --target=arm-linux-gnueabihf
Thread model: posix
gcc version 4.9.2 (Raspbian 4.9.2-10) 
configure:3757: $? = 0
configure:3746: gcc -V >&5
gcc: error: unrecognized command line option '-V'
gcc: fatal error: no input files
compilation terminated.
configure:3757: $? = 4
configure:3746: gcc -qversion >&5
gcc: error: unrecognized command line option '-qversion'
gcc: fatal error: no input files
compilation terminated.
configure:3757: $? = 4
configure:3777: checking whether the C compiler works
configure:3799: gcc    conftest.c  >&5
configure:3803: $? = 0
configure:3851: result: yes
configure:3854: checking for C compiler default output file name
configure:3856: result: a.out
configure:3862: checking for suffix of executables
configure:3869: gcc -o conftest    conftest.c  >&5
configure:3873: $? = 0
configure:3895: result: 
configure:3917: checking whether we are cross compiling
configure:3925: gcc -o conftest    conftest.c  >&5
configure:3929: $? = 0
configure:3936: ./conftest
configure:3940: $? = 0
configure:3955: result: no
configure:3960: checking for suffix of object files
configure:3982: gcc -c   conftest.c >&5
configure:3986: $? = 0
configure:4007: result: o
configure:4011: checking whether we are using the GNU C compiler
configure:4030: gcc -c   conftest.c >&5
configure:4030: $? = 0
configure:4039: result: yes
configure:4048: checking whether gcc accepts -g
configure:4068: gcc -c -g  conftest.c >&5
configure:4068: $? = 0
configure:4109: result: yes
configure:4126: checking for gcc option to accept ISO C89
configure:4189: gcc  -c -g -O2  conftest.c >&5
configure:4189: $? = 0
configure:4202: result: none needed
configure:4233: checking for style of include used by make
configure:4261: result: GNU
configure:4287: checking dependency style of gcc
configure:4398: result: gcc3
configure:4471: checking for g++
configure:4487: found /usr/bin/g++
configure:4498: result: g++
configure:4525: checking for C++ compiler version
configure:4534: g++ --version >&5
g++ (Raspbian 4.9.2-10) 4.9.2
Copyright (C) 2014 Free Software Foundation, Inc.
This is free software; see the source for copying conditions.  There is NO
warranty; not even for MERCHANTABILITY or FITNESS FOR A PARTICULAR PURPOSE.

configure:4545: $? = 0
configure:4534: g++ -v >&5
Using built-in specs.
COLLECT_GCC=g++
COLLECT_LTO_WRAPPER=/usr/lib/gcc/arm-linux-gnueabihf/4.9/lto-wrapper
Target: arm-linux-gnueabihf
Configured with: ../src/configure -v --with-pkgversion='Raspbian 4.9.2-10' --with-bugurl=file:///usr/share/doc/gcc-4.9/README.Bugs --enable-languages=c,c++,java,go,d,fortran,objc,obj-c++ --prefix=/usr --program-suffix=-4.9 --enable-shared --enable-linker-build-id --libexecdir=/usr/lib --without-included-gettext --enable-threads=posix --with-gxx-include-dir=/usr/include/c++/4.9 --libdir=/usr/lib --enable-nls --with-sysroot=/ --enable-clocale=gnu --enable-libstdcxx-debug --enable-libstdcxx-time=yes --enable-gnu-unique-object --disable-libitm --disable-libquadmath --enable-plugin --with-system-zlib --disable-browser-plugin --enable-java-awt=gtk --enable-gtk-cairo --with-java-home=/usr/lib/jvm/java-1.5.0-gcj-4.9-armhf/jre --enable-java-home --with-jvm-root-dir=/usr/lib/jvm/java-1.5.0-gcj-4.9-armhf --with-jvm-jar-dir=/usr/lib/jvm-exports/java-1.5.0-gcj-4.9-armhf --with-arch-directory=arm --with-ecj-jar=/usr/share/java/eclipse-ecj.jar --enable-objc-gc --enable-multiarch --disable-sjlj-exceptions --with-arch=armv6 --with-fpu=vfp --with-float=hard --enable-checking=release --build=arm-linux-gnueabihf --host=arm-linux-gnueabihf --target=arm-linux-gnueabihf
Thread model: posix
gcc version 4.9.2 (Raspbian 4.9.2-10) 
configure:4545: $? = 0
configure:4534: g++ -V >&5
g++: error: unrecognized command line option '-V'
g++: fatal error: no input files
compilation terminated.
configure:4545: $? = 4
configure:4534: g++ -qversion >&5
g++: error: unrecognized command line option '-qversion'
g++: fatal error: no input files
compilation terminated.
configure:4545: $? = 4
configure:4549: checking whether we are using the GNU C++ compiler
configure:4568: g++ -c   conftest.cpp >&5
configure:4568: $? = 0
configure:4577: result: yes
configure:4586: checking whether g++ accepts -g
configure:4606: g++ -c -g  conftest.cpp >&5
configure:4606: $? = 0
configure:4647: result: yes
configure:4672: checking dependency style of g++
configure:4783: result: gcc3
configure:4799: checking whether the C++ compiler works
configure:4821: g++ -o conftest -g -O2   conftest.cpp  >&5
configure:4821: $? = 0
configure:4835: result: yes
configure:4851: checking for bison
configure:4867: found /usr/bin/bison
configure:4878: result: bison -y
configure:4894: checking for flex
configure:4924: result: no
configure:4894: checking for lex
configure:4924: result: no
configure:5062: checking how to run the C preprocessor
configure:5093: gcc -E  conftest.c
configure:5093: $? = 0
configure:5107: gcc -E  conftest.c
conftest.c:14:28: fatal error: ac_nonexistent.h: No such file or directory
 #include <ac_nonexistent.h>
                            ^
compilation terminated.
configure:5107: $? = 1
configure: failed program was:
| /* confdefs.h */
| #define PACKAGE_NAME "libtrace"
| #define PACKAGE_TARNAME "libtrace"
| #define PACKAGE_VERSION "4.0.0"
| #define PACKAGE_STRING "libtrace 4.0.0"
| #define PACKAGE_BUGREPORT "contact@wand.net.nz"
| #define PACKAGE_URL ""
| #define PACKAGE "libtrace"
| #define VERSION "4.0.0"
| #define LIBTRACE_MAJOR ${LIBTRACE_MAJOR}
| #define LIBTRACE_MID ${LIBTRACE_MID}
| #define LIBTRACE_MINOR ${LIBTRACE_MINOR}
| /* end confdefs.h.  */
| #include <ac_nonexistent.h>
configure:5132: result: gcc -E
configure:5152: gcc -E  conftest.c
configure:5152: $? = 0
configure:5166: gcc -E  conftest.c
conftest.c:14:28: fatal error: ac_nonexistent.h: No such file or directory
 #include <ac_nonexistent.h>
                            ^
compilation terminated.
configure:5166: $? = 1
configure: failed program was:
| /* confdefs.h */
| #define PACKAGE_NAME "libtrace"
| #define PACKAGE_TARNAME "libtrace"
| #define PACKAGE_VERSION "4.0.0"
| #define PACKAGE_STRING "libtrace 4.0.0"
| #define PACKAGE_BUGREPORT "contact@wand.net.nz"
| #define PACKAGE_URL ""
| #define PACKAGE "libtrace"
| #define VERSION "4.0.0"
| #define LIBTRACE_MAJOR ${LIBTRACE_MAJOR}
| #define LIBTRACE_MID ${LIBTRACE_MID}
| #define LIBTRACE_MINOR ${LIBTRACE_MINOR}
| /* end confdefs.h.  */
| #include <ac_nonexistent.h>
configure:5195: checking for grep that handles long lines and -e
configure:5253: result: /bin/grep
configure:5258: checking for egrep
configure:5320: result: /bin/grep -E
configure:5325: checking for ANSI C header files
configure:5345: gcc -c -g -O2  conftest.c >&5
configure:5345: $? = 0
configure:5418: gcc -o conftest -g -O2   conftest.c  >&5
configure:5418: $? = 0
configure:5418: ./conftest
configure:5418: $? = 0
configure:5429: result: yes
configure:5442: checking for sys/types.h
configure:5442: gcc -c -g -O2  conftest.c >&5
configure:5442: $? = 0
configure:5442: result: yes
configure:5442: checking for sys/stat.h
configure:5442: gcc -c -g -O2  conftest.c >&5
configure:5442: $? = 0
configure:5442: result: yes
configure:5442: checking for stdlib.h
configure:5442: gcc -c -g -O2  conftest.c >&5
configure:5442: $? = 0
configure:5442: result: yes
configure:5442: checking for string.h
configure:5442: gcc -c -g -O2  conftest.c >&5
configure:5442: $? = 0
configure:5442: result: yes
configure:5442: checking for memory.h
configure:5442: gcc -c -g -O2  conftest.c >&5
configure:5442: $? = 0
configure:5442: result: yes
configure:5442: checking for strings.h
configure:5442: gcc -c -g -O2  conftest.c >&5
configure:5442: $? = 0
configure:5442: result: yes
configure:5442: checking for inttypes.h
configure:5442: gcc -c -g -O2  conftest.c >&5
configure:5442: $? = 0
configure:5442: result: yes
configure:5442: checking for stdint.h
configure:5442: gcc -c -g -O2  conftest.c >&5
configure:5442: $? = 0
configure:5442: result: yes
configure:5442: checking for unistd.h
configure:5442: gcc -c -g -O2  conftest.c >&5
configure:5442: $? = 0
configure:5442: result: yes
configure:5456: checking for stdlib.h
configure:5456: result: yes
configure:5466: checking for GNU libc compatible malloc
configure:5490: gcc -o conftest -g -O2   conftest.c  >&5
configure:5490: $? = 0
configure:5490: ./conftest
configure:5490: $? = 0
configure:5500: result: yes
configure:5523: checking for stdlib.h
configure:5523: result: yes
configure:5533: checking for GNU libc compatible realloc
configure:5557: gcc -o conftest -g -O2   conftest.c  >&5
configure:5557: $? = 0
configure:5557: ./conftest
configure:5557: $? = 0
configure:5567: result: yes
configure:5590: checking for strndup
configure:5590: gcc -o conftest -g -O2   conftest.c  >&5
conftest.c:51:6: warning: conflicting types for built-in function 'strndup'
 char strndup ();
      ^
configure:5590: $? = 0
configure:5590: result: yes
configure:5607: checking for an ANSI C-conforming const
configure:5673: gcc -c -g -O2  conftest.c >&5
configure:5673: $? = 0
configure:5680: result: yes
configure:5688: checking for inline
configure:5704: gcc -c -g -O2  conftest.c >&5
configure:5704: $? = 0
configure:5712: result: inline
configure:5730: checking whether byte ordering is bigendian
configure:5745: gcc -c -g -O2  conftest.c >&5
conftest.c:30:9: error: unknown type name 'not'
         not a universal capable compiler
         ^
conftest.c:30:15: error: expected '=', ',', ';', 'asm' or '__attribute__' before 'universal'
         not a universal capable compiler
               ^
conftest.c:30:15: error: unknown type name 'universal'
configure:5745: $? = 1
configure: failed program was:
| /* confdefs.h */
| #define PACKAGE_NAME "libtrace"
| #define PACKAGE_TARNAME "libtrace"
| #define PACKAGE_VERSION "4.0.0"
| #define PACKAGE_STRING "libtrace 4.0.0"
| #define PACKAGE_BUGREPORT "contact@wand.net.nz"
| #define PACKAGE_URL ""
| #define PACKAGE "libtrace"
| #define VERSION "4.0.0"
| #define LIBTRACE_MAJOR ${LIBTRACE_MAJOR}
| #define LIBTRACE_MID ${LIBTRACE_MID}
| #define LIBTRACE_MINOR ${LIBTRACE_MINOR}
| #define STDC_HEADERS 1
| #define HAVE_SYS_TYPES_H 1
| #define HAVE_SYS_STAT_H 1
| #define HAVE_STDLIB_H 1
| #define HAVE_STRING_H 1
| #define HAVE_MEMORY_H 1
| #define HAVE_STRINGS_H 1
| #define HAVE_INTTYPES_H 1
| #define HAVE_STDINT_H 1
| #define HAVE_UNISTD_H 1
| #define HAVE_STDLIB_H 1
| #define HAVE_MALLOC 1
| #define HAVE_STDLIB_H 1
| #define HAVE_REALLOC 1
| #define HAVE_STRNDUP 1
| /* end confdefs.h.  */
| #ifndef __APPLE_CC__
| 	       not a universal capable compiler
| 	     #endif
| 	     typedef int dummy;
| 
configure:5790: gcc -c -g -O2  conftest.c >&5
configure:5790: $? = 0
configure:5808: gcc -c -g -O2  conftest.c >&5
conftest.c: In function 'main':
conftest.c:36:4: error: unknown type name 'not'
    not big endian
    ^
conftest.c:36:12: error: expected '=', ',', ';', 'asm' or '__attribute__' before 'endian'
    not big endian
            ^
configure:5808: $? = 1
configure: failed program was:
| /* confdefs.h */
| #define PACKAGE_NAME "libtrace"
| #define PACKAGE_TARNAME "libtrace"
| #define PACKAGE_VERSION "4.0.0"
| #define PACKAGE_STRING "libtrace 4.0.0"
| #define PACKAGE_BUGREPORT "contact@wand.net.nz"
| #define PACKAGE_URL ""
| #define PACKAGE "libtrace"
| #define VERSION "4.0.0"
| #define LIBTRACE_MAJOR ${LIBTRACE_MAJOR}
| #define LIBTRACE_MID ${LIBTRACE_MID}
| #define LIBTRACE_MINOR ${LIBTRACE_MINOR}
| #define STDC_HEADERS 1
| #define HAVE_SYS_TYPES_H 1
| #define HAVE_SYS_STAT_H 1
| #define HAVE_STDLIB_H 1
| #define HAVE_STRING_H 1
| #define HAVE_MEMORY_H 1
| #define HAVE_STRINGS_H 1
| #define HAVE_INTTYPES_H 1
| #define HAVE_STDINT_H 1
| #define HAVE_UNISTD_H 1
| #define HAVE_STDLIB_H 1
| #define HAVE_MALLOC 1
| #define HAVE_STDLIB_H 1
| #define HAVE_REALLOC 1
| #define HAVE_STRNDUP 1
| /* end confdefs.h.  */
| #include <sys/types.h>
| 		#include <sys/param.h>
| 
| int
| main ()
| {
| #if BYTE_ORDER != BIG_ENDIAN
| 		 not big endian
| 		#endif
| 
|   ;
|   return 0;
| }
configure:5936: result: no
configure:5954: checking for size_t
configure:5954: gcc -c -g -O2  conftest.c >&5
configure:5954: $? = 0
configure:5954: gcc -c -g -O2  conftest.c >&5
conftest.c: In function 'main':
conftest.c:65:21: error: expected expression before ')' token
 if (sizeof ((size_t)))
                     ^
configure:5954: $? = 1
configure: failed program was:
| /* confdefs.h */
| #define PACKAGE_NAME "libtrace"
| #define PACKAGE_TARNAME "libtrace"
| #define PACKAGE_VERSION "4.0.0"
| #define PACKAGE_STRING "libtrace 4.0.0"
| #define PACKAGE_BUGREPORT "contact@wand.net.nz"
| #define PACKAGE_URL ""
| #define PACKAGE "libtrace"
| #define VERSION "4.0.0"
| #define LIBTRACE_MAJOR ${LIBTRACE_MAJOR}
| #define LIBTRACE_MID ${LIBTRACE_MID}
| #define LIBTRACE_MINOR ${LIBTRACE_MINOR}
| #define STDC_HEADERS 1
| #define HAVE_SYS_TYPES_H 1
| #define HAVE_SYS_STAT_H 1
| #define HAVE_STDLIB_H 1
| #define HAVE_STRING_H 1
| #define HAVE_MEMORY_H 1
| #define HAVE_STRINGS_H 1
| #define HAVE_INTTYPES_H 1
| #define HAVE_STDINT_H 1
| #define HAVE_UNISTD_H 1
| #define HAVE_STDLIB_H 1
| #define HAVE_MALLOC 1
| #define HAVE_STDLIB_H 1
| #define HAVE_REALLOC 1
| #define HAVE_STRNDUP 1
| /* end confdefs.h.  */
| #include <stdio.h>
| #ifdef HAVE_SYS_TYPES_H
| # include <sys/types.h>
| #endif
| #ifdef HAVE_SYS_STAT_H
| # include <sys/stat.h>
| #endif
| #ifdef STDC_HEADERS
| # include <stdlib.h>
| # include <stddef.h>
| #else
| # ifdef HAVE_STDLIB_H
| #  include <stdlib.h>
| # endif
| #endif
| #ifdef HAVE_STRING_H
| # if !defined STDC_HEADERS && defined HAVE_MEMORY_H
| #  include <memory.h>
| # endif
| # include <string.h>
| #endif
| #ifdef HAVE_STRINGS_H
| # include <strings.h>
| #endif
| #ifdef HAVE_INTTYPES_H
| # include <inttypes.h>
| #endif
| #ifdef HAVE_STDINT_H
| # include <stdint.h>
| #endif
| #ifdef HAVE_UNISTD_H
| # include <unistd.h>
| #endif
| int
| main ()
| {
| if (sizeof ((size_t)))
| 	    return 0;
|   ;
|   return 0;
| }
configure:5954: result: yes
configure:5965: checking whether time.h and sys/time.h may both be included
configure:5985: gcc -c -g -O2  conftest.c >&5
configure:5985: $? = 0
configure:5992: result: yes
configure:6007: checking for special C compiler options needed for large files
configure:6052: result: no
configure:6058: checking for _FILE_OFFSET_BITS value needed for large files
configure:6083: gcc -c -g -O2  conftest.c >&5
conftest.c:36:3: warning: left shift count >= width of type
   int off_t_is_large[(LARGE_OFF_T % 2147483629 == 721
   ^
conftest.c:36:3: warning: left shift count >= width of type
conftest.c:37:10: warning: left shift count >= width of type
          && LARGE_OFF_T % 2147483647 == 1)
          ^
conftest.c:37:10: warning: left shift count >= width of type
conftest.c:36:7: error: variably modified 'off_t_is_large' at file scope
   int off_t_is_large[(LARGE_OFF_T % 2147483629 == 721
       ^
configure:6083: $? = 1
configure: failed program was:
| /* confdefs.h */
| #define PACKAGE_NAME "libtrace"
| #define PACKAGE_TARNAME "libtrace"
| #define PACKAGE_VERSION "4.0.0"
| #define PACKAGE_STRING "libtrace 4.0.0"
| #define PACKAGE_BUGREPORT "contact@wand.net.nz"
| #define PACKAGE_URL ""
| #define PACKAGE "libtrace"
| #define VERSION "4.0.0"
| #define LIBTRACE_MAJOR ${LIBTRACE_MAJOR}
| #define LIBTRACE_MID ${LIBTRACE_MID}
| #define LIBTRACE_MINOR ${LIBTRACE_MINOR}
| #define STDC_HEADERS 1
| #define HAVE_SYS_TYPES_H 1
| #define HAVE_SYS_STAT_H 1
| #define HAVE_STDLIB_H 1
| #define HAVE_STRING_H 1
| #define HAVE_MEMORY_H 1
| #define HAVE_STRINGS_H 1
| #define HAVE_INTTYPES_H 1
| #define HAVE_STDINT_H 1
| #define HAVE_UNISTD_H 1
| #define HAVE_STDLIB_H 1
| #define HAVE_MALLOC 1
| #define HAVE_STDLIB_H 1
| #define HAVE_REALLOC 1
| #define HAVE_STRNDUP 1
| #define TIME_WITH_SYS_TIME 1
| /* end confdefs.h.  */
| #include <sys/types.h>
|  /* Check that off_t can represent 2**63 - 1 correctly.
|     We can't simply define LARGE_OFF_T to be 9223372036854775807,
|     since some C++ compilers masquerading as C compilers
|     incorrectly reject 9223372036854775807.  */
| #define LARGE_OFF_T (((off_t) 1 << 62) - 1 + ((off_t) 1 << 62))
|   int off_t_is_large[(LARGE_OFF_T % 2147483629 == 721
| 		       && LARGE_OFF_T % 2147483647 == 1)
| 		      ? 1 : -1];
| int
| main ()
| {
| 
|   ;
|   return 0;
| }
configure:6107: gcc -c -g -O2  conftest.c >&5
configure:6107: $? = 0
configure:6115: result: 64
configure:6215: checking for simple visibility declarations
configure:6237: gcc -c -g -O2 -Wall -Wmissing-prototypes -Wextra -DLT_BUILDING_DLL=1 -fvisibility=hidden  conftest.c >&5
configure:6237: $? = 0
configure:6246: result: yes
configure:6264: checking if -Werror flag is supported by compiler
configure:6275: gcc -c -g -O2 -Wall -Wmissing-prototypes -Wextra -DLT_BUILDING_DLL=1 -Werror  conftest.c >&5
configure:6275: $? = 0
configure:6285: result: yes
configure:6295: checking if compiler supports __attribute__((packed))
configure:6306: gcc -c -g -O2 -Wall -Wmissing-prototypes -Wextra -DLT_BUILDING_DLL=1 -Werror  conftest.c >&5
configure:6306: $? = 0
configure:6316: result: yes
configure:6336: checking if compiler supports __attribute__((deprecated))
configure:6347: gcc -c -g -O2 -Wall -Wmissing-prototypes -Wextra -DLT_BUILDING_DLL=1 -Werror  conftest.c >&5
configure:6347: $? = 0
configure:6357: result: yes
configure:6377: checking if compiler supports __attribute__((unused))
configure:6388: gcc -c -g -O2 -Wall -Wmissing-prototypes -Wextra -DLT_BUILDING_DLL=1 -Werror  conftest.c >&5
configure:6388: $? = 0
configure:6398: result: yes
configure:6418: checking if compiler supports __attribute__((pure))
configure:6429: gcc -c -g -O2 -Wall -Wmissing-prototypes -Wextra -DLT_BUILDING_DLL=1 -Werror  conftest.c >&5
configure:6429: $? = 0
configure:6439: result: yes
configure:6459: checking if compiler supports __attribute__((format(printf)))
configure:6470: gcc -c -g -O2 -Wall -Wmissing-prototypes -Wextra -DLT_BUILDING_DLL=1 -Werror  conftest.c >&5
configure:6470: $? = 0
configure:6480: result: yes
configure:6498: checking if compiler supports TLS __thread
configure:6508: gcc -c -g -O2 -Wall -Wmissing-prototypes -Wextra -DLT_BUILDING_DLL=1  conftest.c >&5
conftest.c:37:21: warning: 'apples' defined but not used [-Wunused-variable]
 static __thread int apples;
                     ^
configure:6508: $? = 0
configure:6517: result: yes
configure:6561: checking build system type
configure:6575: result: armv7l-unknown-linux-gnueabihf
configure:6595: checking host system type
configure:6608: result: armv7l-unknown-linux-gnueabihf
configure:6649: checking how to print strings
configure:6676: result: printf
configure:6697: checking for a sed that does not truncate output
configure:6761: result: /bin/sed
configure:6779: checking for fgrep
configure:6841: result: /bin/grep -F
configure:6876: checking for ld used by gcc
configure:6943: result: /usr/bin/ld
configure:6950: checking if the linker (/usr/bin/ld) is GNU ld
configure:6965: result: yes
configure:6977: checking for BSD- or MS-compatible name lister (nm)
configure:7026: result: /usr/bin/nm -B
configure:7156: checking the name lister (/usr/bin/nm -B) interface
configure:7163: gcc -c -g -O2 -Wall -Wmissing-prototypes -Wextra -DLT_BUILDING_DLL=1  conftest.c >&5
configure:7166: /usr/bin/nm -B "conftest.o"
configure:7169: output
00000000 B some_variable
configure:7176: result: BSD nm
configure:7179: checking whether ln -s works
configure:7183: result: yes
configure:7191: checking the maximum length of command line arguments
configure:7321: result: 1572864
configure:7338: checking whether the shell understands some XSI constructs
configure:7348: result: yes
configure:7352: checking whether the shell understands "+="
configure:7358: result: yes
configure:7393: checking how to convert armv7l-unknown-linux-gnueabihf file names to armv7l-unknown-linux-gnueabihf format
configure:7433: result: func_convert_file_noop
configure:7440: checking how to convert armv7l-unknown-linux-gnueabihf file names to toolchain format
configure:7460: result: func_convert_file_noop
configure:7467: checking for /usr/bin/ld option to reload object files
configure:7474: result: -r
configure:7548: checking for objdump
configure:7564: found /usr/bin/objdump
configure:7575: result: objdump
configure:7607: checking how to recognize dependent libraries
configure:7805: result: pass_all
configure:7890: checking for dlltool
configure:7920: result: no
configure:7950: checking how to associate runtime and link libraries
configure:7977: result: printf %s\n
configure:8037: checking for ar
configure:8053: found /usr/bin/ar
configure:8064: result: ar
configure:8101: checking for archiver @FILE support
configure:8118: gcc -c -g -O2 -Wall -Wmissing-prototypes -Wextra -DLT_BUILDING_DLL=1  conftest.c >&5
configure:8118: $? = 0
configure:8121: ar cru libconftest.a @conftest.lst >&5
configure:8124: $? = 0
configure:8129: ar cru libconftest.a @conftest.lst >&5
ar: conftest.o: No such file or directory
configure:8132: $? = 1
configure:8144: result: @
configure:8202: checking for strip
configure:8218: found /usr/bin/strip
configure:8229: result: strip
configure:8301: checking for ranlib
configure:8317: found /usr/bin/ranlib
configure:8328: result: ranlib
configure:8430: checking command to parse /usr/bin/nm -B output from gcc object
configure:8550: gcc -c -g -O2 -Wall -Wmissing-prototypes -Wextra -DLT_BUILDING_DLL=1  conftest.c >&5
configure:8553: $? = 0
configure:8557: /usr/bin/nm -B conftest.o \| sed -n -e 's/^.*[ ]\([ABCDGIRSTW][ABCDGIRSTW]*\)[ ][ ]*\([_A-Za-z][_A-Za-z0-9]*\)$/\1 \2 \2/p' | sed '/ __gnu_lto/d' \> conftest.nm
configure:8560: $? = 0
configure:8626: gcc -o conftest -g -O2 -Wall -Wmissing-prototypes -Wextra -DLT_BUILDING_DLL=1   conftest.c conftstm.o >&5
configure:8629: $? = 0
configure:8667: result: ok
configure:8704: checking for sysroot
configure:8734: result: no
configure:8990: checking for mt
configure:9006: found /bin/mt
configure:9017: result: mt
configure:9040: checking if mt is a manifest tool
configure:9046: mt '-?'
configure:9054: result: no
configure:9693: checking for dlfcn.h
configure:9693: gcc -c -g -O2 -Wall -Wmissing-prototypes -Wextra -DLT_BUILDING_DLL=1  conftest.c >&5
configure:9693: $? = 0
configure:9693: result: yes
configure:9909: checking for objdir
configure:9924: result: .libs
configure:10195: checking if gcc supports -fno-rtti -fno-exceptions
configure:10213: gcc -c -g -O2 -Wall -Wmissing-prototypes -Wextra -DLT_BUILDING_DLL=1  -fno-rtti -fno-exceptions conftest.c >&5
cc1: warning: command line option '-fno-rtti' is valid for C++/ObjC++ but not for C
configure:10217: $? = 0
configure:10230: result: no
configure:10557: checking for gcc option to produce PIC
configure:10564: result: -fPIC -DPIC
configure:10572: checking if gcc PIC flag -fPIC -DPIC works
configure:10590: gcc -c -g -O2 -Wall -Wmissing-prototypes -Wextra -DLT_BUILDING_DLL=1  -fPIC -DPIC -DPIC conftest.c >&5
configure:10594: $? = 0
configure:10607: result: yes
configure:10636: checking if gcc static flag -static works
configure:10664: result: yes
configure:10679: checking if gcc supports -c -o file.o
configure:10700: gcc -c -g -O2 -Wall -Wmissing-prototypes -Wextra -DLT_BUILDING_DLL=1  -o out/conftest2.o conftest.c >&5
configure:10704: $? = 0
configure:10726: result: yes
configure:10734: checking if gcc supports -c -o file.o
configure:10781: result: yes
configure:10814: checking whether the gcc linker (/usr/bin/ld) supports shared libraries
configure:11971: result: yes
configure:12008: checking whether -lc should be explicitly linked in
configure:12016: gcc -c -g -O2 -Wall -Wmissing-prototypes -Wextra -DLT_BUILDING_DLL=1  conftest.c >&5
configure:12019: $? = 0
configure:12034: gcc -shared  -fPIC -DPIC conftest.o  -v -Wl,-soname -Wl,conftest -o conftest 2\>\&1 \| /bin/grep  -lc  \>/dev/null 2\>\&1
configure:12037: $? = 0
configure:12051: result: no
configure:12211: checking dynamic linker characteristics
configure:12711: gcc -o conftest -g -O2 -Wall -Wmissing-prototypes -Wextra -DLT_BUILDING_DLL=1   -Wl,-rpath -Wl,/foo conftest.c  >&5
configure:12711: $? = 0
configure:12945: result: GNU/Linux ld.so
configure:13052: checking how to hardcode library paths into programs
configure:13077: result: immediate
configure:13617: checking whether stripping libraries is possible
configure:13622: result: yes
configure:13657: checking if libtool supports shared libraries
configure:13659: result: yes
configure:13662: checking whether to build shared libraries
configure:13683: result: yes
configure:13686: checking whether to build static libraries
configure:13690: result: yes
configure:13713: checking how to run the C++ preprocessor
configure:13740: g++ -E  conftest.cpp
configure:13740: $? = 0
configure:13754: g++ -E  conftest.cpp
conftest.cpp:40:28: fatal error: ac_nonexistent.h: No such file or directory
 #include <ac_nonexistent.h>
                            ^
compilation terminated.
configure:13754: $? = 1
configure: failed program was:
| /* confdefs.h */
| #define PACKAGE_NAME "libtrace"
| #define PACKAGE_TARNAME "libtrace"
| #define PACKAGE_VERSION "4.0.0"
| #define PACKAGE_STRING "libtrace 4.0.0"
| #define PACKAGE_BUGREPORT "contact@wand.net.nz"
| #define PACKAGE_URL ""
| #define PACKAGE "libtrace"
| #define VERSION "4.0.0"
| #define LIBTRACE_MAJOR ${LIBTRACE_MAJOR}
| #define LIBTRACE_MID ${LIBTRACE_MID}
| #define LIBTRACE_MINOR ${LIBTRACE_MINOR}
| #define STDC_HEADERS 1
| #define HAVE_SYS_TYPES_H 1
| #define HAVE_SYS_STAT_H 1
| #define HAVE_STDLIB_H 1
| #define HAVE_STRING_H 1
| #define HAVE_MEMORY_H 1
| #define HAVE_STRINGS_H 1
| #define HAVE_INTTYPES_H 1
| #define HAVE_STDINT_H 1
| #define HAVE_UNISTD_H 1
| #define HAVE_STDLIB_H 1
| #define HAVE_MALLOC 1
| #define HAVE_STDLIB_H 1
| #define HAVE_REALLOC 1
| #define HAVE_STRNDUP 1
| #define TIME_WITH_SYS_TIME 1
| #define _FILE_OFFSET_BITS 64
| #define HAVE_VISIBILITY 1
| #define HAVE_ATTRIBUTE_PACKED 1
| #define HAVE_ATTRIBUTE_DEPRECATED 1
| #define HAVE_ATTRIBUTE_UNUSED 1
| #define HAVE_ATTRIBUTE_PURE 1
| #define HAVE_ATTRIBUTE_FORMAT 1
| #define HAVE_TLS 1
| #define HAVE_DLFCN_H 1
| #define LT_OBJDIR ".libs/"
| /* end confdefs.h.  */
| #include <ac_nonexistent.h>
configure:13779: result: g++ -E
configure:13799: g++ -E  conftest.cpp
configure:13799: $? = 0
configure:13813: g++ -E  conftest.cpp
conftest.cpp:40:28: fatal error: ac_nonexistent.h: No such file or directory
 #include <ac_nonexistent.h>
                            ^
compilation terminated.
configure:13813: $? = 1
configure: failed program was:
| /* confdefs.h */
| #define PACKAGE_NAME "libtrace"
| #define PACKAGE_TARNAME "libtrace"
| #define PACKAGE_VERSION "4.0.0"
| #define PACKAGE_STRING "libtrace 4.0.0"
| #define PACKAGE_BUGREPORT "contact@wand.net.nz"
| #define PACKAGE_URL ""
| #define PACKAGE "libtrace"
| #define VERSION "4.0.0"
| #define LIBTRACE_MAJOR ${LIBTRACE_MAJOR}
| #define LIBTRACE_MID ${LIBTRACE_MID}
| #define LIBTRACE_MINOR ${LIBTRACE_MINOR}
| #define STDC_HEADERS 1
| #define HAVE_SYS_TYPES_H 1
| #define HAVE_SYS_STAT_H 1
| #define HAVE_STDLIB_H 1
| #define HAVE_STRING_H 1
| #define HAVE_MEMORY_H 1
| #define HAVE_STRINGS_H 1
| #define HAVE_INTTYPES_H 1
| #define HAVE_STDINT_H 1
| #define HAVE_UNISTD_H 1
| #define HAVE_STDLIB_H 1
| #define HAVE_MALLOC 1
| #define HAVE_STDLIB_H 1
| #define HAVE_REALLOC 1
| #define HAVE_STRNDUP 1
| #define TIME_WITH_SYS_TIME 1
| #define _FILE_OFFSET_BITS 64
| #define HAVE_VISIBILITY 1
| #define HAVE_ATTRIBUTE_PACKED 1
| #define HAVE_ATTRIBUTE_DEPRECATED 1
| #define HAVE_ATTRIBUTE_UNUSED 1
| #define HAVE_ATTRIBUTE_PURE 1
| #define HAVE_ATTRIBUTE_FORMAT 1
| #define HAVE_TLS 1
| #define HAVE_DLFCN_H 1
| #define LT_OBJDIR ".libs/"
| /* end confdefs.h.  */
| #include <ac_nonexistent.h>
configure:13982: checking for ld used by g++
configure:14049: result: /usr/bin/ld
configure:14056: checking if the linker (/usr/bin/ld) is GNU ld
configure:14071: result: yes
configure:14126: checking whether the g++ linker (/usr/bin/ld) supports shared libraries
configure:15128: result: yes
configure:15164: g++ -c -g -O2 -Wall -DLT_BUILDING_DLL=1  conftest.cpp >&5
configure:15167: $? = 0
configure:15687: checking for g++ option to produce PIC
configure:15694: result: -fPIC -DPIC
configure:15702: checking if g++ PIC flag -fPIC -DPIC works
configure:15720: g++ -c -g -O2 -Wall -DLT_BUILDING_DLL=1  -fPIC -DPIC -DPIC conftest.cpp >&5
configure:15724: $? = 0
configure:15737: result: yes
configure:15760: checking if g++ static flag -static works
configure:15788: result: yes
configure:15800: checking if g++ supports -c -o file.o
configure:15821: g++ -c -g -O2 -Wall -DLT_BUILDING_DLL=1  -o out/conftest2.o conftest.cpp >&5
configure:15825: $? = 0
configure:15847: result: yes
configure:15852: checking if g++ supports -c -o file.o
configure:15899: result: yes
configure:15929: checking whether the g++ linker (/usr/bin/ld) supports shared libraries
configure:15968: result: yes
configure:16109: checking dynamic linker characteristics
configure:16777: result: GNU/Linux ld.so
configure:16830: checking how to hardcode library paths into programs
configure:16855: result: immediate
configure:16919: checking whether gcc needs -traditional
configure:16953: result: no
configure:16965: checking for socket
configure:16965: gcc -o conftest -g -O2 -Wall -Wmissing-prototypes -Wextra -DLT_BUILDING_DLL=1   conftest.c  >&5
configure:16965: $? = 0
configure:16965: result: yes
configure:16965: checking for strdup
configure:16965: gcc -o conftest -g -O2 -Wall -Wmissing-prototypes -Wextra -DLT_BUILDING_DLL=1   conftest.c  >&5
conftest.c:64:6: warning: conflicting types for built-in function 'strdup'
 char strdup ();
      ^
configure:16965: $? = 0
configure:16965: result: yes
configure:16965: checking for strlcpy
configure:16965: gcc -o conftest -g -O2 -Wall -Wmissing-prototypes -Wextra -DLT_BUILDING_DLL=1   conftest.c  >&5
/tmp/ccmi44dn.o: In function `main':
/home/pi/c/libtrace-4.0.0/conftest.c:76: undefined reference to `strlcpy'
collect2: error: ld returned 1 exit status
configure:16965: $? = 1
configure: failed program was:
| /* confdefs.h */
| #define PACKAGE_NAME "libtrace"
| #define PACKAGE_TARNAME "libtrace"
| #define PACKAGE_VERSION "4.0.0"
| #define PACKAGE_STRING "libtrace 4.0.0"
| #define PACKAGE_BUGREPORT "contact@wand.net.nz"
| #define PACKAGE_URL ""
| #define PACKAGE "libtrace"
| #define VERSION "4.0.0"
| #define LIBTRACE_MAJOR ${LIBTRACE_MAJOR}
| #define LIBTRACE_MID ${LIBTRACE_MID}
| #define LIBTRACE_MINOR ${LIBTRACE_MINOR}
| #define STDC_HEADERS 1
| #define HAVE_SYS_TYPES_H 1
| #define HAVE_SYS_STAT_H 1
| #define HAVE_STDLIB_H 1
| #define HAVE_STRING_H 1
| #define HAVE_MEMORY_H 1
| #define HAVE_STRINGS_H 1
| #define HAVE_INTTYPES_H 1
| #define HAVE_STDINT_H 1
| #define HAVE_UNISTD_H 1
| #define HAVE_STDLIB_H 1
| #define HAVE_MALLOC 1
| #define HAVE_STDLIB_H 1
| #define HAVE_REALLOC 1
| #define HAVE_STRNDUP 1
| #define TIME_WITH_SYS_TIME 1
| #define _FILE_OFFSET_BITS 64
| #define HAVE_VISIBILITY 1
| #define HAVE_ATTRIBUTE_PACKED 1
| #define HAVE_ATTRIBUTE_DEPRECATED 1
| #define HAVE_ATTRIBUTE_UNUSED 1
| #define HAVE_ATTRIBUTE_PURE 1
| #define HAVE_ATTRIBUTE_FORMAT 1
| #define HAVE_TLS 1
| #define HAVE_DLFCN_H 1
| #define LT_OBJDIR ".libs/"
| #define HAVE_SOCKET 1
| #define HAVE_STRDUP 1
| /* end confdefs.h.  */
| /* Define strlcpy to an innocuous variant, in case <limits.h> declares strlcpy.
|    For example, HP-UX 11i <limits.h> declares gettimeofday.  */
| #define strlcpy innocuous_strlcpy
| 
| /* System header to define __stub macros and hopefully few prototypes,
|     which can conflict with char strlcpy (); below.
|     Prefer <limits.h> to <assert.h> if __STDC__ is defined, since
|     <limits.h> exists even on freestanding compilers.  */
| 
| #ifdef __STDC__
| # include <limits.h>
| #else
| # include <assert.h>
| #endif
| 
| #undef strlcpy
| 
| /* Override any GCC internal prototype to avoid an error.
|    Use char because int might match the return type of a GCC
|    builtin and then its argument prototype would still apply.  */
| #ifdef __cplusplus
| extern "C"
| #endif
| char strlcpy ();
| /* The GNU C library defines this for functions which it implements
|     to always fail with ENOSYS.  Some functions are actually named
|     something starting with __ and the normal name is an alias.  */
| #if defined __stub_strlcpy || defined __stub___strlcpy
| choke me
| #endif
| 
| int
| main ()
| {
| return strlcpy ();
|   ;
|   return 0;
| }
configure:16965: result: no
configure:16965: checking for strcasecmp
configure:16965: gcc -o conftest -g -O2 -Wall -Wmissing-prototypes -Wextra -DLT_BUILDING_DLL=1   conftest.c  >&5
conftest.c:65:6: warning: conflicting types for built-in function 'strcasecmp'
 char strcasecmp ();
      ^
configure:16965: $? = 0
configure:16965: result: yes
configure:16965: checking for strncasecmp
configure:16965: gcc -o conftest -g -O2 -Wall -Wmissing-prototypes -Wextra -DLT_BUILDING_DLL=1   conftest.c  >&5
conftest.c:66:6: warning: conflicting types for built-in function 'strncasecmp'
 char strncasecmp ();
      ^
configure:16965: $? = 0
configure:16965: result: yes
configure:16965: checking for snprintf
configure:16965: gcc -o conftest -g -O2 -Wall -Wmissing-prototypes -Wextra -DLT_BUILDING_DLL=1   conftest.c  >&5
conftest.c:67:6: warning: conflicting types for built-in function 'snprintf'
 char snprintf ();
      ^
configure:16965: $? = 0
configure:16965: result: yes
configure:16965: checking for vsnprintf
configure:16965: gcc -o conftest -g -O2 -Wall -Wmissing-prototypes -Wextra -DLT_BUILDING_DLL=1   conftest.c  >&5
conftest.c:68:6: warning: conflicting types for built-in function 'vsnprintf'
 char vsnprintf ();
      ^
configure:16965: $? = 0
configure:16965: result: yes
configure:16979: checking size of long int
configure:16984: gcc -o conftest -g -O2 -Wall -Wmissing-prototypes -Wextra -DLT_BUILDING_DLL=1   conftest.c  >&5
configure:16984: $? = 0
configure:16984: ./conftest
configure:16984: $? = 0
configure:16998: result: 4
configure:17011: checking for ANSI C header files
configure:17115: result: yes
configure:17126: checking pcap.h usability
configure:17126: gcc -c -g -O2 -Wall -Wmissing-prototypes -Wextra -DLT_BUILDING_DLL=1  conftest.c >&5
conftest.c:81:18: fatal error: pcap.h: No such file or directory
 #include <pcap.h>
                  ^
compilation terminated.
configure:17126: $? = 1
configure: failed program was:
| /* confdefs.h */
| #define PACKAGE_NAME "libtrace"
| #define PACKAGE_TARNAME "libtrace"
| #define PACKAGE_VERSION "4.0.0"
| #define PACKAGE_STRING "libtrace 4.0.0"
| #define PACKAGE_BUGREPORT "contact@wand.net.nz"
| #define PACKAGE_URL ""
| #define PACKAGE "libtrace"
| #define VERSION "4.0.0"
| #define LIBTRACE_MAJOR ${LIBTRACE_MAJOR}
| #define LIBTRACE_MID ${LIBTRACE_MID}
| #define LIBTRACE_MINOR ${LIBTRACE_MINOR}
| #define STDC_HEADERS 1
| #define HAVE_SYS_TYPES_H 1
| #define HAVE_SYS_STAT_H 1
| #define HAVE_STDLIB_H 1
| #define HAVE_STRING_H 1
| #define HAVE_MEMORY_H 1
| #define HAVE_STRINGS_H 1
| #define HAVE_INTTYPES_H 1
| #define HAVE_STDINT_H 1
| #define HAVE_UNISTD_H 1
| #define HAVE_STDLIB_H 1
| #define HAVE_MALLOC 1
| #define HAVE_STDLIB_H 1
| #define HAVE_REALLOC 1
| #define HAVE_STRNDUP 1
| #define TIME_WITH_SYS_TIME 1
| #define _FILE_OFFSET_BITS 64
| #define HAVE_VISIBILITY 1
| #define HAVE_ATTRIBUTE_PACKED 1
| #define HAVE_ATTRIBUTE_DEPRECATED 1
| #define HAVE_ATTRIBUTE_UNUSED 1
| #define HAVE_ATTRIBUTE_PURE 1
| #define HAVE_ATTRIBUTE_FORMAT 1
| #define HAVE_TLS 1
| #define HAVE_DLFCN_H 1
| #define LT_OBJDIR ".libs/"
| #define HAVE_SOCKET 1
| #define HAVE_STRDUP 1
| #define HAVE_STRCASECMP 1
| #define HAVE_STRNCASECMP 1
| #define HAVE_SNPRINTF 1
| #define HAVE_VSNPRINTF 1
| #define SIZEOF_LONG_INT 4
| #define STDC_HEADERS 1
| /* end confdefs.h.  */
| #include <stdio.h>
| #ifdef HAVE_SYS_TYPES_H
| # include <sys/types.h>
| #endif
| #ifdef HAVE_SYS_STAT_H
| # include <sys/stat.h>
| #endif
| #ifdef STDC_HEADERS
| # include <stdlib.h>
| # include <stddef.h>
| #else
| # ifdef HAVE_STDLIB_H
| #  include <stdlib.h>
| # endif
| #endif
| #ifdef HAVE_STRING_H
| # if !defined STDC_HEADERS && defined HAVE_MEMORY_H
| #  include <memory.h>
| # endif
| # include <string.h>
| #endif
| #ifdef HAVE_STRINGS_H
| # include <strings.h>
| #endif
| #ifdef HAVE_INTTYPES_H
| # include <inttypes.h>
| #endif
| #ifdef HAVE_STDINT_H
| # include <stdint.h>
| #endif
| #ifdef HAVE_UNISTD_H
| # include <unistd.h>
| #endif
| #include <pcap.h>
configure:17126: result: no
configure:17126: checking pcap.h presence
configure:17126: gcc -E  conftest.c
conftest.c:48:18: fatal error: pcap.h: No such file or directory
 #include <pcap.h>
                  ^
compilation terminated.
configure:17126: $? = 1
configure: failed program was:
| /* confdefs.h */
| #define PACKAGE_NAME "libtrace"
| #define PACKAGE_TARNAME "libtrace"
| #define PACKAGE_VERSION "4.0.0"
| #define PACKAGE_STRING "libtrace 4.0.0"
| #define PACKAGE_BUGREPORT "contact@wand.net.nz"
| #define PACKAGE_URL ""
| #define PACKAGE "libtrace"
| #define VERSION "4.0.0"
| #define LIBTRACE_MAJOR ${LIBTRACE_MAJOR}
| #define LIBTRACE_MID ${LIBTRACE_MID}
| #define LIBTRACE_MINOR ${LIBTRACE_MINOR}
| #define STDC_HEADERS 1
| #define HAVE_SYS_TYPES_H 1
| #define HAVE_SYS_STAT_H 1
| #define HAVE_STDLIB_H 1
| #define HAVE_STRING_H 1
| #define HAVE_MEMORY_H 1
| #define HAVE_STRINGS_H 1
| #define HAVE_INTTYPES_H 1
| #define HAVE_STDINT_H 1
| #define HAVE_UNISTD_H 1
| #define HAVE_STDLIB_H 1
| #define HAVE_MALLOC 1
| #define HAVE_STDLIB_H 1
| #define HAVE_REALLOC 1
| #define HAVE_STRNDUP 1
| #define TIME_WITH_SYS_TIME 1
| #define _FILE_OFFSET_BITS 64
| #define HAVE_VISIBILITY 1
| #define HAVE_ATTRIBUTE_PACKED 1
| #define HAVE_ATTRIBUTE_DEPRECATED 1
| #define HAVE_ATTRIBUTE_UNUSED 1
| #define HAVE_ATTRIBUTE_PURE 1
| #define HAVE_ATTRIBUTE_FORMAT 1
| #define HAVE_TLS 1
| #define HAVE_DLFCN_H 1
| #define LT_OBJDIR ".libs/"
| #define HAVE_SOCKET 1
| #define HAVE_STRDUP 1
| #define HAVE_STRCASECMP 1
| #define HAVE_STRNCASECMP 1
| #define HAVE_SNPRINTF 1
| #define HAVE_VSNPRINTF 1
| #define SIZEOF_LONG_INT 4
| #define STDC_HEADERS 1
| /* end confdefs.h.  */
| #include <pcap.h>
configure:17126: result: no
configure:17126: checking for pcap.h
configure:17126: result: no
configure:17126: checking pcap-int.h usability
configure:17126: gcc -c -g -O2 -Wall -Wmissing-prototypes -Wextra -DLT_BUILDING_DLL=1  conftest.c >&5
conftest.c:81:22: fatal error: pcap-int.h: No such file or directory
 #include <pcap-int.h>
                      ^
compilation terminated.
configure:17126: $? = 1
configure: failed program was:
| /* confdefs.h */
| #define PACKAGE_NAME "libtrace"
| #define PACKAGE_TARNAME "libtrace"
| #define PACKAGE_VERSION "4.0.0"
| #define PACKAGE_STRING "libtrace 4.0.0"
| #define PACKAGE_BUGREPORT "contact@wand.net.nz"
| #define PACKAGE_URL ""
| #define PACKAGE "libtrace"
| #define VERSION "4.0.0"
| #define LIBTRACE_MAJOR ${LIBTRACE_MAJOR}
| #define LIBTRACE_MID ${LIBTRACE_MID}
| #define LIBTRACE_MINOR ${LIBTRACE_MINOR}
| #define STDC_HEADERS 1
| #define HAVE_SYS_TYPES_H 1
| #define HAVE_SYS_STAT_H 1
| #define HAVE_STDLIB_H 1
| #define HAVE_STRING_H 1
| #define HAVE_MEMORY_H 1
| #define HAVE_STRINGS_H 1
| #define HAVE_INTTYPES_H 1
| #define HAVE_STDINT_H 1
| #define HAVE_UNISTD_H 1
| #define HAVE_STDLIB_H 1
| #define HAVE_MALLOC 1
| #define HAVE_STDLIB_H 1
| #define HAVE_REALLOC 1
| #define HAVE_STRNDUP 1
| #define TIME_WITH_SYS_TIME 1
| #define _FILE_OFFSET_BITS 64
| #define HAVE_VISIBILITY 1
| #define HAVE_ATTRIBUTE_PACKED 1
| #define HAVE_ATTRIBUTE_DEPRECATED 1
| #define HAVE_ATTRIBUTE_UNUSED 1
| #define HAVE_ATTRIBUTE_PURE 1
| #define HAVE_ATTRIBUTE_FORMAT 1
| #define HAVE_TLS 1
| #define HAVE_DLFCN_H 1
| #define LT_OBJDIR ".libs/"
| #define HAVE_SOCKET 1
| #define HAVE_STRDUP 1
| #define HAVE_STRCASECMP 1
| #define HAVE_STRNCASECMP 1
| #define HAVE_SNPRINTF 1
| #define HAVE_VSNPRINTF 1
| #define SIZEOF_LONG_INT 4
| #define STDC_HEADERS 1
| /* end confdefs.h.  */
| #include <stdio.h>
| #ifdef HAVE_SYS_TYPES_H
| # include <sys/types.h>
| #endif
| #ifdef HAVE_SYS_STAT_H
| # include <sys/stat.h>
| #endif
| #ifdef STDC_HEADERS
| # include <stdlib.h>
| # include <stddef.h>
| #else
| # ifdef HAVE_STDLIB_H
| #  include <stdlib.h>
| # endif
| #endif
| #ifdef HAVE_STRING_H
| # if !defined STDC_HEADERS && defined HAVE_MEMORY_H
| #  include <memory.h>
| # endif
| # include <string.h>
| #endif
| #ifdef HAVE_STRINGS_H
| # include <strings.h>
| #endif
| #ifdef HAVE_INTTYPES_H
| # include <inttypes.h>
| #endif
| #ifdef HAVE_STDINT_H
| # include <stdint.h>
| #endif
| #ifdef HAVE_UNISTD_H
| # include <unistd.h>
| #endif
| #include <pcap-int.h>
configure:17126: result: no
configure:17126: checking pcap-int.h presence
configure:17126: gcc -E  conftest.c
conftest.c:48:22: fatal error: pcap-int.h: No such file or directory
 #include <pcap-int.h>
                      ^
compilation terminated.
configure:17126: $? = 1
configure: failed program was:
| /* confdefs.h */
| #define PACKAGE_NAME "libtrace"
| #define PACKAGE_TARNAME "libtrace"
| #define PACKAGE_VERSION "4.0.0"
| #define PACKAGE_STRING "libtrace 4.0.0"
| #define PACKAGE_BUGREPORT "contact@wand.net.nz"
| #define PACKAGE_URL ""
| #define PACKAGE "libtrace"
| #define VERSION "4.0.0"
| #define LIBTRACE_MAJOR ${LIBTRACE_MAJOR}
| #define LIBTRACE_MID ${LIBTRACE_MID}
| #define LIBTRACE_MINOR ${LIBTRACE_MINOR}
| #define STDC_HEADERS 1
| #define HAVE_SYS_TYPES_H 1
| #define HAVE_SYS_STAT_H 1
| #define HAVE_STDLIB_H 1
| #define HAVE_STRING_H 1
| #define HAVE_MEMORY_H 1
| #define HAVE_STRINGS_H 1
| #define HAVE_INTTYPES_H 1
| #define HAVE_STDINT_H 1
| #define HAVE_UNISTD_H 1
| #define HAVE_STDLIB_H 1
| #define HAVE_MALLOC 1
| #define HAVE_STDLIB_H 1
| #define HAVE_REALLOC 1
| #define HAVE_STRNDUP 1
| #define TIME_WITH_SYS_TIME 1
| #define _FILE_OFFSET_BITS 64
| #define HAVE_VISIBILITY 1
| #define HAVE_ATTRIBUTE_PACKED 1
| #define HAVE_ATTRIBUTE_DEPRECATED 1
| #define HAVE_ATTRIBUTE_UNUSED 1
| #define HAVE_ATTRIBUTE_PURE 1
| #define HAVE_ATTRIBUTE_FORMAT 1
| #define HAVE_TLS 1
| #define HAVE_DLFCN_H 1
| #define LT_OBJDIR ".libs/"
| #define HAVE_SOCKET 1
| #define HAVE_STRDUP 1
| #define HAVE_STRCASECMP 1
| #define HAVE_STRNCASECMP 1
| #define HAVE_SNPRINTF 1
| #define HAVE_VSNPRINTF 1
| #define SIZEOF_LONG_INT 4
| #define STDC_HEADERS 1
| /* end confdefs.h.  */
| #include <pcap-int.h>
configure:17126: result: no
configure:17126: checking for pcap-int.h
configure:17126: result: no
configure:17126: checking pcap-bpf.h usability
configure:17126: gcc -c -g -O2 -Wall -Wmissing-prototypes -Wextra -DLT_BUILDING_DLL=1  conftest.c >&5
conftest.c:81:22: fatal error: pcap-bpf.h: No such file or directory
 #include <pcap-bpf.h>
                      ^
compilation terminated.
configure:17126: $? = 1
configure: failed program was:
| /* confdefs.h */
| #define PACKAGE_NAME "libtrace"
| #define PACKAGE_TARNAME "libtrace"
| #define PACKAGE_VERSION "4.0.0"
| #define PACKAGE_STRING "libtrace 4.0.0"
| #define PACKAGE_BUGREPORT "contact@wand.net.nz"
| #define PACKAGE_URL ""
| #define PACKAGE "libtrace"
| #define VERSION "4.0.0"
| #define LIBTRACE_MAJOR ${LIBTRACE_MAJOR}
| #define LIBTRACE_MID ${LIBTRACE_MID}
| #define LIBTRACE_MINOR ${LIBTRACE_MINOR}
| #define STDC_HEADERS 1
| #define HAVE_SYS_TYPES_H 1
| #define HAVE_SYS_STAT_H 1
| #define HAVE_STDLIB_H 1
| #define HAVE_STRING_H 1
| #define HAVE_MEMORY_H 1
| #define HAVE_STRINGS_H 1
| #define HAVE_INTTYPES_H 1
| #define HAVE_STDINT_H 1
| #define HAVE_UNISTD_H 1
| #define HAVE_STDLIB_H 1
| #define HAVE_MALLOC 1
| #define HAVE_STDLIB_H 1
| #define HAVE_REALLOC 1
| #define HAVE_STRNDUP 1
| #define TIME_WITH_SYS_TIME 1
| #define _FILE_OFFSET_BITS 64
| #define HAVE_VISIBILITY 1
| #define HAVE_ATTRIBUTE_PACKED 1
| #define HAVE_ATTRIBUTE_DEPRECATED 1
| #define HAVE_ATTRIBUTE_UNUSED 1
| #define HAVE_ATTRIBUTE_PURE 1
| #define HAVE_ATTRIBUTE_FORMAT 1
| #define HAVE_TLS 1
| #define HAVE_DLFCN_H 1
| #define LT_OBJDIR ".libs/"
| #define HAVE_SOCKET 1
| #define HAVE_STRDUP 1
| #define HAVE_STRCASECMP 1
| #define HAVE_STRNCASECMP 1
| #define HAVE_SNPRINTF 1
| #define HAVE_VSNPRINTF 1
| #define SIZEOF_LONG_INT 4
| #define STDC_HEADERS 1
| /* end confdefs.h.  */
| #include <stdio.h>
| #ifdef HAVE_SYS_TYPES_H
| # include <sys/types.h>
| #endif
| #ifdef HAVE_SYS_STAT_H
| # include <sys/stat.h>
| #endif
| #ifdef STDC_HEADERS
| # include <stdlib.h>
| # include <stddef.h>
| #else
| # ifdef HAVE_STDLIB_H
| #  include <stdlib.h>
| # endif
| #endif
| #ifdef HAVE_STRING_H
| # if !defined STDC_HEADERS && defined HAVE_MEMORY_H
| #  include <memory.h>
| # endif
| # include <string.h>
| #endif
| #ifdef HAVE_STRINGS_H
| # include <strings.h>
| #endif
| #ifdef HAVE_INTTYPES_H
| # include <inttypes.h>
| #endif
| #ifdef HAVE_STDINT_H
| # include <stdint.h>
| #endif
| #ifdef HAVE_UNISTD_H
| # include <unistd.h>
| #endif
| #include <pcap-bpf.h>
configure:17126: result: no
configure:17126: checking pcap-bpf.h presence
configure:17126: gcc -E  conftest.c
conftest.c:48:22: fatal error: pcap-bpf.h: No such file or directory
 #include <pcap-bpf.h>
                      ^
compilation terminated.
configure:17126: $? = 1
configure: failed program was:
| /* confdefs.h */
| #define PACKAGE_NAME "libtrace"
| #define PACKAGE_TARNAME "libtrace"
| #define PACKAGE_VERSION "4.0.0"
| #define PACKAGE_STRING "libtrace 4.0.0"
| #define PACKAGE_BUGREPORT "contact@wand.net.nz"
| #define PACKAGE_URL ""
| #define PACKAGE "libtrace"
| #define VERSION "4.0.0"
| #define LIBTRACE_MAJOR ${LIBTRACE_MAJOR}
| #define LIBTRACE_MID ${LIBTRACE_MID}
| #define LIBTRACE_MINOR ${LIBTRACE_MINOR}
| #define STDC_HEADERS 1
| #define HAVE_SYS_TYPES_H 1
| #define HAVE_SYS_STAT_H 1
| #define HAVE_STDLIB_H 1
| #define HAVE_STRING_H 1
| #define HAVE_MEMORY_H 1
| #define HAVE_STRINGS_H 1
| #define HAVE_INTTYPES_H 1
| #define HAVE_STDINT_H 1
| #define HAVE_UNISTD_H 1
| #define HAVE_STDLIB_H 1
| #define HAVE_MALLOC 1
| #define HAVE_STDLIB_H 1
| #define HAVE_REALLOC 1
| #define HAVE_STRNDUP 1
| #define TIME_WITH_SYS_TIME 1
| #define _FILE_OFFSET_BITS 64
| #define HAVE_VISIBILITY 1
| #define HAVE_ATTRIBUTE_PACKED 1
| #define HAVE_ATTRIBUTE_DEPRECATED 1
| #define HAVE_ATTRIBUTE_UNUSED 1
| #define HAVE_ATTRIBUTE_PURE 1
| #define HAVE_ATTRIBUTE_FORMAT 1
| #define HAVE_TLS 1
| #define HAVE_DLFCN_H 1
| #define LT_OBJDIR ".libs/"
| #define HAVE_SOCKET 1
| #define HAVE_STRDUP 1
| #define HAVE_STRCASECMP 1
| #define HAVE_STRNCASECMP 1
| #define HAVE_SNPRINTF 1
| #define HAVE_VSNPRINTF 1
| #define SIZEOF_LONG_INT 4
| #define STDC_HEADERS 1
| /* end confdefs.h.  */
| #include <pcap-bpf.h>
configure:17126: result: no
configure:17126: checking for pcap-bpf.h
configure:17126: result: no
configure:17126: checking net/bpf.h usability
configure:17126: gcc -c -g -O2 -Wall -Wmissing-prototypes -Wextra -DLT_BUILDING_DLL=1  conftest.c >&5
conftest.c:81:21: fatal error: net/bpf.h: No such file or directory
 #include <net/bpf.h>
                     ^
compilation terminated.
configure:17126: $? = 1
configure: failed program was:
| /* confdefs.h */
| #define PACKAGE_NAME "libtrace"
| #define PACKAGE_TARNAME "libtrace"
| #define PACKAGE_VERSION "4.0.0"
| #define PACKAGE_STRING "libtrace 4.0.0"
| #define PACKAGE_BUGREPORT "contact@wand.net.nz"
| #define PACKAGE_URL ""
| #define PACKAGE "libtrace"
| #define VERSION "4.0.0"
| #define LIBTRACE_MAJOR ${LIBTRACE_MAJOR}
| #define LIBTRACE_MID ${LIBTRACE_MID}
| #define LIBTRACE_MINOR ${LIBTRACE_MINOR}
| #define STDC_HEADERS 1
| #define HAVE_SYS_TYPES_H 1
| #define HAVE_SYS_STAT_H 1
| #define HAVE_STDLIB_H 1
| #define HAVE_STRING_H 1
| #define HAVE_MEMORY_H 1
| #define HAVE_STRINGS_H 1
| #define HAVE_INTTYPES_H 1
| #define HAVE_STDINT_H 1
| #define HAVE_UNISTD_H 1
| #define HAVE_STDLIB_H 1
| #define HAVE_MALLOC 1
| #define HAVE_STDLIB_H 1
| #define HAVE_REALLOC 1
| #define HAVE_STRNDUP 1
| #define TIME_WITH_SYS_TIME 1
| #define _FILE_OFFSET_BITS 64
| #define HAVE_VISIBILITY 1
| #define HAVE_ATTRIBUTE_PACKED 1
| #define HAVE_ATTRIBUTE_DEPRECATED 1
| #define HAVE_ATTRIBUTE_UNUSED 1
| #define HAVE_ATTRIBUTE_PURE 1
| #define HAVE_ATTRIBUTE_FORMAT 1
| #define HAVE_TLS 1
| #define HAVE_DLFCN_H 1
| #define LT_OBJDIR ".libs/"
| #define HAVE_SOCKET 1
| #define HAVE_STRDUP 1
| #define HAVE_STRCASECMP 1
| #define HAVE_STRNCASECMP 1
| #define HAVE_SNPRINTF 1
| #define HAVE_VSNPRINTF 1
| #define SIZEOF_LONG_INT 4
| #define STDC_HEADERS 1
| /* end confdefs.h.  */
| #include <stdio.h>
| #ifdef HAVE_SYS_TYPES_H
| # include <sys/types.h>
| #endif
| #ifdef HAVE_SYS_STAT_H
| # include <sys/stat.h>
| #endif
| #ifdef STDC_HEADERS
| # include <stdlib.h>
| # include <stddef.h>
| #else
| # ifdef HAVE_STDLIB_H
| #  include <stdlib.h>
| # endif
| #endif
| #ifdef HAVE_STRING_H
| # if !defined STDC_HEADERS && defined HAVE_MEMORY_H
| #  include <memory.h>
| # endif
| # include <string.h>
| #endif
| #ifdef HAVE_STRINGS_H
| # include <strings.h>
| #endif
| #ifdef HAVE_INTTYPES_H
| # include <inttypes.h>
| #endif
| #ifdef HAVE_STDINT_H
| # include <stdint.h>
| #endif
| #ifdef HAVE_UNISTD_H
| # include <unistd.h>
| #endif
| #include <net/bpf.h>
configure:17126: result: no
configure:17126: checking net/bpf.h presence
configure:17126: gcc -E  conftest.c
conftest.c:48:21: fatal error: net/bpf.h: No such file or directory
 #include <net/bpf.h>
                     ^
compilation terminated.
configure:17126: $? = 1
configure: failed program was:
| /* confdefs.h */
| #define PACKAGE_NAME "libtrace"
| #define PACKAGE_TARNAME "libtrace"
| #define PACKAGE_VERSION "4.0.0"
| #define PACKAGE_STRING "libtrace 4.0.0"
| #define PACKAGE_BUGREPORT "contact@wand.net.nz"
| #define PACKAGE_URL ""
| #define PACKAGE "libtrace"
| #define VERSION "4.0.0"
| #define LIBTRACE_MAJOR ${LIBTRACE_MAJOR}
| #define LIBTRACE_MID ${LIBTRACE_MID}
| #define LIBTRACE_MINOR ${LIBTRACE_MINOR}
| #define STDC_HEADERS 1
| #define HAVE_SYS_TYPES_H 1
| #define HAVE_SYS_STAT_H 1
| #define HAVE_STDLIB_H 1
| #define HAVE_STRING_H 1
| #define HAVE_MEMORY_H 1
| #define HAVE_STRINGS_H 1
| #define HAVE_INTTYPES_H 1
| #define HAVE_STDINT_H 1
| #define HAVE_UNISTD_H 1
| #define HAVE_STDLIB_H 1
| #define HAVE_MALLOC 1
| #define HAVE_STDLIB_H 1
| #define HAVE_REALLOC 1
| #define HAVE_STRNDUP 1
| #define TIME_WITH_SYS_TIME 1
| #define _FILE_OFFSET_BITS 64
| #define HAVE_VISIBILITY 1
| #define HAVE_ATTRIBUTE_PACKED 1
| #define HAVE_ATTRIBUTE_DEPRECATED 1
| #define HAVE_ATTRIBUTE_UNUSED 1
| #define HAVE_ATTRIBUTE_PURE 1
| #define HAVE_ATTRIBUTE_FORMAT 1
| #define HAVE_TLS 1
| #define HAVE_DLFCN_H 1
| #define LT_OBJDIR ".libs/"
| #define HAVE_SOCKET 1
| #define HAVE_STRDUP 1
| #define HAVE_STRCASECMP 1
| #define HAVE_STRNCASECMP 1
| #define HAVE_SNPRINTF 1
| #define HAVE_VSNPRINTF 1
| #define SIZEOF_LONG_INT 4
| #define STDC_HEADERS 1
| /* end confdefs.h.  */
| #include <net/bpf.h>
configure:17126: result: no
configure:17126: checking for net/bpf.h
configure:17126: result: no
configure:17126: checking sys/limits.h usability
configure:17126: gcc -c -g -O2 -Wall -Wmissing-prototypes -Wextra -DLT_BUILDING_DLL=1  conftest.c >&5
conftest.c:81:24: fatal error: sys/limits.h: No such file or directory
 #include <sys/limits.h>
                        ^
compilation terminated.
configure:17126: $? = 1
configure: failed program was:
| /* confdefs.h */
| #define PACKAGE_NAME "libtrace"
| #define PACKAGE_TARNAME "libtrace"
| #define PACKAGE_VERSION "4.0.0"
| #define PACKAGE_STRING "libtrace 4.0.0"
| #define PACKAGE_BUGREPORT "contact@wand.net.nz"
| #define PACKAGE_URL ""
| #define PACKAGE "libtrace"
| #define VERSION "4.0.0"
| #define LIBTRACE_MAJOR ${LIBTRACE_MAJOR}
| #define LIBTRACE_MID ${LIBTRACE_MID}
| #define LIBTRACE_MINOR ${LIBTRACE_MINOR}
| #define STDC_HEADERS 1
| #define HAVE_SYS_TYPES_H 1
| #define HAVE_SYS_STAT_H 1
| #define HAVE_STDLIB_H 1
| #define HAVE_STRING_H 1
| #define HAVE_MEMORY_H 1
| #define HAVE_STRINGS_H 1
| #define HAVE_INTTYPES_H 1
| #define HAVE_STDINT_H 1
| #define HAVE_UNISTD_H 1
| #define HAVE_STDLIB_H 1
| #define HAVE_MALLOC 1
| #define HAVE_STDLIB_H 1
| #define HAVE_REALLOC 1
| #define HAVE_STRNDUP 1
| #define TIME_WITH_SYS_TIME 1
| #define _FILE_OFFSET_BITS 64
| #define HAVE_VISIBILITY 1
| #define HAVE_ATTRIBUTE_PACKED 1
| #define HAVE_ATTRIBUTE_DEPRECATED 1
| #define HAVE_ATTRIBUTE_UNUSED 1
| #define HAVE_ATTRIBUTE_PURE 1
| #define HAVE_ATTRIBUTE_FORMAT 1
| #define HAVE_TLS 1
| #define HAVE_DLFCN_H 1
| #define LT_OBJDIR ".libs/"
| #define HAVE_SOCKET 1
| #define HAVE_STRDUP 1
| #define HAVE_STRCASECMP 1
| #define HAVE_STRNCASECMP 1
| #define HAVE_SNPRINTF 1
| #define HAVE_VSNPRINTF 1
| #define SIZEOF_LONG_INT 4
| #define STDC_HEADERS 1
| /* end confdefs.h.  */
| #include <stdio.h>
| #ifdef HAVE_SYS_TYPES_H
| # include <sys/types.h>
| #endif
| #ifdef HAVE_SYS_STAT_H
| # include <sys/stat.h>
| #endif
| #ifdef STDC_HEADERS
| # include <stdlib.h>
| # include <stddef.h>
| #else
| # ifdef HAVE_STDLIB_H
| #  include <stdlib.h>
| # endif
| #endif
| #ifdef HAVE_STRING_H
| # if !defined STDC_HEADERS && defined HAVE_MEMORY_H
| #  include <memory.h>
| # endif
| # include <string.h>
| #endif
| #ifdef HAVE_STRINGS_H
| # include <strings.h>
| #endif
| #ifdef HAVE_INTTYPES_H
| # include <inttypes.h>
| #endif
| #ifdef HAVE_STDINT_H
| # include <stdint.h>
| #endif
| #ifdef HAVE_UNISTD_H
| # include <unistd.h>
| #endif
| #include <sys/limits.h>
configure:17126: result: no
configure:17126: checking sys/limits.h presence
configure:17126: gcc -E  conftest.c
conftest.c:48:24: fatal error: sys/limits.h: No such file or directory
 #include <sys/limits.h>
                        ^
compilation terminated.
configure:17126: $? = 1
configure: failed program was:
| /* confdefs.h */
| #define PACKAGE_NAME "libtrace"
| #define PACKAGE_TARNAME "libtrace"
| #define PACKAGE_VERSION "4.0.0"
| #define PACKAGE_STRING "libtrace 4.0.0"
| #define PACKAGE_BUGREPORT "contact@wand.net.nz"
| #define PACKAGE_URL ""
| #define PACKAGE "libtrace"
| #define VERSION "4.0.0"
| #define LIBTRACE_MAJOR ${LIBTRACE_MAJOR}
| #define LIBTRACE_MID ${LIBTRACE_MID}
| #define LIBTRACE_MINOR ${LIBTRACE_MINOR}
| #define STDC_HEADERS 1
| #define HAVE_SYS_TYPES_H 1
| #define HAVE_SYS_STAT_H 1
| #define HAVE_STDLIB_H 1
| #define HAVE_STRING_H 1
| #define HAVE_MEMORY_H 1
| #define HAVE_STRINGS_H 1
| #define HAVE_INTTYPES_H 1
| #define HAVE_STDINT_H 1
| #define HAVE_UNISTD_H 1
| #define HAVE_STDLIB_H 1
| #define HAVE_MALLOC 1
| #define HAVE_STDLIB_H 1
| #define HAVE_REALLOC 1
| #define HAVE_STRNDUP 1
| #define TIME_WITH_SYS_TIME 1
| #define _FILE_OFFSET_BITS 64
| #define HAVE_VISIBILITY 1
| #define HAVE_ATTRIBUTE_PACKED 1
| #define HAVE_ATTRIBUTE_DEPRECATED 1
| #define HAVE_ATTRIBUTE_UNUSED 1
| #define HAVE_ATTRIBUTE_PURE 1
| #define HAVE_ATTRIBUTE_FORMAT 1
| #define HAVE_TLS 1
| #define HAVE_DLFCN_H 1
| #define LT_OBJDIR ".libs/"
| #define HAVE_SOCKET 1
| #define HAVE_STRDUP 1
| #define HAVE_STRCASECMP 1
| #define HAVE_STRNCASECMP 1
| #define HAVE_SNPRINTF 1
| #define HAVE_VSNPRINTF 1
| #define SIZEOF_LONG_INT 4
| #define STDC_HEADERS 1
| /* end confdefs.h.  */
| #include <sys/limits.h>
configure:17126: result: no
configure:17126: checking for sys/limits.h
configure:17126: result: no
configure:17126: checking stddef.h usability
configure:17126: gcc -c -g -O2 -Wall -Wmissing-prototypes -Wextra -DLT_BUILDING_DLL=1  conftest.c >&5
configure:17126: $? = 0
configure:17126: result: yes
configure:17126: checking stddef.h presence
configure:17126: gcc -E  conftest.c
configure:17126: $? = 0
configure:17126: result: yes
configure:17126: checking for stddef.h
configure:17126: result: yes
configure:17126: checking for inttypes.h
configure:17126: result: yes
configure:17126: checking limits.h usability
configure:17126: gcc -c -g -O2 -Wall -Wmissing-prototypes -Wextra -DLT_BUILDING_DLL=1  conftest.c >&5
configure:17126: $? = 0
configure:17126: result: yes
configure:17126: checking limits.h presence
configure:17126: gcc -E  conftest.c
configure:17126: $? = 0
configure:17126: result: yes
configure:17126: checking for limits.h
configure:17126: result: yes
configure:17126: checking net/ethernet.h usability
configure:17126: gcc -c -g -O2 -Wall -Wmissing-prototypes -Wextra -DLT_BUILDING_DLL=1  conftest.c >&5
configure:17126: $? = 0
configure:17126: result: yes
configure:17126: checking net/ethernet.h presence
configure:17126: gcc -E  conftest.c
configure:17126: $? = 0
configure:17126: result: yes
configure:17126: checking for net/ethernet.h
configure:17126: result: yes
configure:17126: checking sys/prctl.h usability
configure:17126: gcc -c -g -O2 -Wall -Wmissing-prototypes -Wextra -DLT_BUILDING_DLL=1  conftest.c >&5
configure:17126: $? = 0
configure:17126: result: yes
configure:17126: checking sys/prctl.h presence
configure:17126: gcc -E  conftest.c
configure:17126: $? = 0
configure:17126: result: yes
configure:17126: checking for sys/prctl.h
configure:17126: result: yes
configure:17142: checking ncurses.h usability
configure:17142: gcc -c -g -O2 -Wall -Wmissing-prototypes -Wextra -DLT_BUILDING_DLL=1  conftest.c >&5
conftest.c:86:21: fatal error: ncurses.h: No such file or directory
 #include <ncurses.h>
                     ^
compilation terminated.
configure:17142: $? = 1
configure: failed program was:
| /* confdefs.h */
| #define PACKAGE_NAME "libtrace"
| #define PACKAGE_TARNAME "libtrace"
| #define PACKAGE_VERSION "4.0.0"
| #define PACKAGE_STRING "libtrace 4.0.0"
| #define PACKAGE_BUGREPORT "contact@wand.net.nz"
| #define PACKAGE_URL ""
| #define PACKAGE "libtrace"
| #define VERSION "4.0.0"
| #define LIBTRACE_MAJOR ${LIBTRACE_MAJOR}
| #define LIBTRACE_MID ${LIBTRACE_MID}
| #define LIBTRACE_MINOR ${LIBTRACE_MINOR}
| #define STDC_HEADERS 1
| #define HAVE_SYS_TYPES_H 1
| #define HAVE_SYS_STAT_H 1
| #define HAVE_STDLIB_H 1
| #define HAVE_STRING_H 1
| #define HAVE_MEMORY_H 1
| #define HAVE_STRINGS_H 1
| #define HAVE_INTTYPES_H 1
| #define HAVE_STDINT_H 1
| #define HAVE_UNISTD_H 1
| #define HAVE_STDLIB_H 1
| #define HAVE_MALLOC 1
| #define HAVE_STDLIB_H 1
| #define HAVE_REALLOC 1
| #define HAVE_STRNDUP 1
| #define TIME_WITH_SYS_TIME 1
| #define _FILE_OFFSET_BITS 64
| #define HAVE_VISIBILITY 1
| #define HAVE_ATTRIBUTE_PACKED 1
| #define HAVE_ATTRIBUTE_DEPRECATED 1
| #define HAVE_ATTRIBUTE_UNUSED 1
| #define HAVE_ATTRIBUTE_PURE 1
| #define HAVE_ATTRIBUTE_FORMAT 1
| #define HAVE_TLS 1
| #define HAVE_DLFCN_H 1
| #define LT_OBJDIR ".libs/"
| #define HAVE_SOCKET 1
| #define HAVE_STRDUP 1
| #define HAVE_STRCASECMP 1
| #define HAVE_STRNCASECMP 1
| #define HAVE_SNPRINTF 1
| #define HAVE_VSNPRINTF 1
| #define SIZEOF_LONG_INT 4
| #define STDC_HEADERS 1
| #define HAVE_STDDEF_H 1
| #define HAVE_INTTYPES_H 1
| #define HAVE_LIMITS_H 1
| #define HAVE_NET_ETHERNET_H 1
| #define HAVE_SYS_PRCTL_H 1
| /* end confdefs.h.  */
| #include <stdio.h>
| #ifdef HAVE_SYS_TYPES_H
| # include <sys/types.h>
| #endif
| #ifdef HAVE_SYS_STAT_H
| # include <sys/stat.h>
| #endif
| #ifdef STDC_HEADERS
| # include <stdlib.h>
| # include <stddef.h>
| #else
| # ifdef HAVE_STDLIB_H
| #  include <stdlib.h>
| # endif
| #endif
| #ifdef HAVE_STRING_H
| # if !defined STDC_HEADERS && defined HAVE_MEMORY_H
| #  include <memory.h>
| # endif
| # include <string.h>
| #endif
| #ifdef HAVE_STRINGS_H
| # include <strings.h>
| #endif
| #ifdef HAVE_INTTYPES_H
| # include <inttypes.h>
| #endif
| #ifdef HAVE_STDINT_H
| # include <stdint.h>
| #endif
| #ifdef HAVE_UNISTD_H
| # include <unistd.h>
| #endif
| #include <ncurses.h>
configure:17142: result: no
configure:17142: checking ncurses.h presence
configure:17142: gcc -E  conftest.c
conftest.c:53:21: fatal error: ncurses.h: No such file or directory
 #include <ncurses.h>
                     ^
compilation terminated.
configure:17142: $? = 1
configure: failed program was:
| /* confdefs.h */
| #define PACKAGE_NAME "libtrace"
| #define PACKAGE_TARNAME "libtrace"
| #define PACKAGE_VERSION "4.0.0"
| #define PACKAGE_STRING "libtrace 4.0.0"
| #define PACKAGE_BUGREPORT "contact@wand.net.nz"
| #define PACKAGE_URL ""
| #define PACKAGE "libtrace"
| #define VERSION "4.0.0"
| #define LIBTRACE_MAJOR ${LIBTRACE_MAJOR}
| #define LIBTRACE_MID ${LIBTRACE_MID}
| #define LIBTRACE_MINOR ${LIBTRACE_MINOR}
| #define STDC_HEADERS 1
| #define HAVE_SYS_TYPES_H 1
| #define HAVE_SYS_STAT_H 1
| #define HAVE_STDLIB_H 1
| #define HAVE_STRING_H 1
| #define HAVE_MEMORY_H 1
| #define HAVE_STRINGS_H 1
| #define HAVE_INTTYPES_H 1
| #define HAVE_STDINT_H 1
| #define HAVE_UNISTD_H 1
| #define HAVE_STDLIB_H 1
| #define HAVE_MALLOC 1
| #define HAVE_STDLIB_H 1
| #define HAVE_REALLOC 1
| #define HAVE_STRNDUP 1
| #define TIME_WITH_SYS_TIME 1
| #define _FILE_OFFSET_BITS 64
| #define HAVE_VISIBILITY 1
| #define HAVE_ATTRIBUTE_PACKED 1
| #define HAVE_ATTRIBUTE_DEPRECATED 1
| #define HAVE_ATTRIBUTE_UNUSED 1
| #define HAVE_ATTRIBUTE_PURE 1
| #define HAVE_ATTRIBUTE_FORMAT 1
| #define HAVE_TLS 1
| #define HAVE_DLFCN_H 1
| #define LT_OBJDIR ".libs/"
| #define HAVE_SOCKET 1
| #define HAVE_STRDUP 1
| #define HAVE_STRCASECMP 1
| #define HAVE_STRNCASECMP 1
| #define HAVE_SNPRINTF 1
| #define HAVE_VSNPRINTF 1
| #define SIZEOF_LONG_INT 4
| #define STDC_HEADERS 1
| #define HAVE_STDDEF_H 1
| #define HAVE_INTTYPES_H 1
| #define HAVE_LIMITS_H 1
| #define HAVE_NET_ETHERNET_H 1
| #define HAVE_SYS_PRCTL_H 1
| /* end confdefs.h.  */
| #include <ncurses.h>
configure:17142: result: no
configure:17142: checking for ncurses.h
configure:17142: result: no
configure:17168: checking netinet/in.h usability
configure:17168: gcc -c -g -O2 -Wall -Wmissing-prototypes -Wextra -DLT_BUILDING_DLL=1  conftest.c >&5
configure:17168: $? = 0
configure:17168: result: yes
configure:17168: checking netinet/in.h presence
configure:17168: gcc -E  conftest.c
configure:17168: $? = 0
configure:17168: result: yes
configure:17168: checking for netinet/in.h
configure:17168: result: yes
configure:17180: checking netpacket/packet.h usability
configure:17180: gcc -c -g -O2 -Wall -Wmissing-prototypes -Wextra -DLT_BUILDING_DLL=1  conftest.c >&5
configure:17180: $? = 0
configure:17180: result: yes
configure:17180: checking netpacket/packet.h presence
configure:17180: gcc -E  conftest.c
configure:17180: $? = 0
configure:17180: result: yes
configure:17180: checking for netpacket/packet.h
configure:17180: result: yes
configure:17195: checking for net/if.h
configure:17195: gcc -c -g -O2 -Wall -Wmissing-prototypes -Wextra -DLT_BUILDING_DLL=1  conftest.c >&5
configure:17195: $? = 0
configure:17195: result: yes
configure:17208: checking for netinet/ether.h
configure:17208: gcc -c -g -O2 -Wall -Wmissing-prototypes -Wextra -DLT_BUILDING_DLL=1  conftest.c >&5
configure:17208: $? = 0
configure:17208: result: yes
configure:17223: checking for netinet/if_ether.h
configure:17223: gcc -c -g -O2 -Wall -Wmissing-prototypes -Wextra -DLT_BUILDING_DLL=1  conftest.c >&5
configure:17223: $? = 0
configure:17223: result: yes
configure:17238: checking for net/if_arp.h
configure:17238: gcc -c -g -O2 -Wall -Wmissing-prototypes -Wextra -DLT_BUILDING_DLL=1  conftest.c >&5
configure:17238: $? = 0
configure:17238: result: yes
configure:17270: checking for pcap-bpf.h
configure:17270: result: no
configure:17276: checking for net/bpf.h
configure:17276: result: no
configure:17284: checking gdc.h usability
configure:17284: gcc -c -g -O2 -Wall -Wmissing-prototypes -Wextra -DLT_BUILDING_DLL=1  conftest.c >&5
conftest.c:93:17: fatal error: gdc.h: No such file or directory
 #include <gdc.h>
                 ^
compilation terminated.
configure:17284: $? = 1
configure: failed program was:
| /* confdefs.h */
| #define PACKAGE_NAME "libtrace"
| #define PACKAGE_TARNAME "libtrace"
| #define PACKAGE_VERSION "4.0.0"
| #define PACKAGE_STRING "libtrace 4.0.0"
| #define PACKAGE_BUGREPORT "contact@wand.net.nz"
| #define PACKAGE_URL ""
| #define PACKAGE "libtrace"
| #define VERSION "4.0.0"
| #define LIBTRACE_MAJOR ${LIBTRACE_MAJOR}
| #define LIBTRACE_MID ${LIBTRACE_MID}
| #define LIBTRACE_MINOR ${LIBTRACE_MINOR}
| #define STDC_HEADERS 1
| #define HAVE_SYS_TYPES_H 1
| #define HAVE_SYS_STAT_H 1
| #define HAVE_STDLIB_H 1
| #define HAVE_STRING_H 1
| #define HAVE_MEMORY_H 1
| #define HAVE_STRINGS_H 1
| #define HAVE_INTTYPES_H 1
| #define HAVE_STDINT_H 1
| #define HAVE_UNISTD_H 1
| #define HAVE_STDLIB_H 1
| #define HAVE_MALLOC 1
| #define HAVE_STDLIB_H 1
| #define HAVE_REALLOC 1
| #define HAVE_STRNDUP 1
| #define TIME_WITH_SYS_TIME 1
| #define _FILE_OFFSET_BITS 64
| #define HAVE_VISIBILITY 1
| #define HAVE_ATTRIBUTE_PACKED 1
| #define HAVE_ATTRIBUTE_DEPRECATED 1
| #define HAVE_ATTRIBUTE_UNUSED 1
| #define HAVE_ATTRIBUTE_PURE 1
| #define HAVE_ATTRIBUTE_FORMAT 1
| #define HAVE_TLS 1
| #define HAVE_DLFCN_H 1
| #define LT_OBJDIR ".libs/"
| #define HAVE_SOCKET 1
| #define HAVE_STRDUP 1
| #define HAVE_STRCASECMP 1
| #define HAVE_STRNCASECMP 1
| #define HAVE_SNPRINTF 1
| #define HAVE_VSNPRINTF 1
| #define SIZEOF_LONG_INT 4
| #define STDC_HEADERS 1
| #define HAVE_STDDEF_H 1
| #define HAVE_INTTYPES_H 1
| #define HAVE_LIMITS_H 1
| #define HAVE_NET_ETHERNET_H 1
| #define HAVE_SYS_PRCTL_H 1
| #define HAVE_NETINET_IN_H 1
| #define HAVE_NETPACKET_PACKET_H 1
| #define HAVE_NETPACKET_PACKET_H 1
| #define HAVE_NET_IF_H 1
| #define HAVE_NETINET_ETHER_H 1
| #define HAVE_NETINET_IF_ETHER_H 1
| #define HAVE_NET_IF_ARP_H 1
| /* end confdefs.h.  */
| #include <stdio.h>
| #ifdef HAVE_SYS_TYPES_H
| # include <sys/types.h>
| #endif
| #ifdef HAVE_SYS_STAT_H
| # include <sys/stat.h>
| #endif
| #ifdef STDC_HEADERS
| # include <stdlib.h>
| # include <stddef.h>
| #else
| # ifdef HAVE_STDLIB_H
| #  include <stdlib.h>
| # endif
| #endif
| #ifdef HAVE_STRING_H
| # if !defined STDC_HEADERS && defined HAVE_MEMORY_H
| #  include <memory.h>
| # endif
| # include <string.h>
| #endif
| #ifdef HAVE_STRINGS_H
| # include <strings.h>
| #endif
| #ifdef HAVE_INTTYPES_H
| # include <inttypes.h>
| #endif
| #ifdef HAVE_STDINT_H
| # include <stdint.h>
| #endif
| #ifdef HAVE_UNISTD_H
| # include <unistd.h>
| #endif
| #include <gdc.h>
configure:17284: result: no
configure:17284: checking gdc.h presence
configure:17284: gcc -E  conftest.c
conftest.c:60:17: fatal error: gdc.h: No such file or directory
 #include <gdc.h>
                 ^
compilation terminated.
configure:17284: $? = 1
configure: failed program was:
| /* confdefs.h */
| #define PACKAGE_NAME "libtrace"
| #define PACKAGE_TARNAME "libtrace"
| #define PACKAGE_VERSION "4.0.0"
| #define PACKAGE_STRING "libtrace 4.0.0"
| #define PACKAGE_BUGREPORT "contact@wand.net.nz"
| #define PACKAGE_URL ""
| #define PACKAGE "libtrace"
| #define VERSION "4.0.0"
| #define LIBTRACE_MAJOR ${LIBTRACE_MAJOR}
| #define LIBTRACE_MID ${LIBTRACE_MID}
| #define LIBTRACE_MINOR ${LIBTRACE_MINOR}
| #define STDC_HEADERS 1
| #define HAVE_SYS_TYPES_H 1
| #define HAVE_SYS_STAT_H 1
| #define HAVE_STDLIB_H 1
| #define HAVE_STRING_H 1
| #define HAVE_MEMORY_H 1
| #define HAVE_STRINGS_H 1
| #define HAVE_INTTYPES_H 1
| #define HAVE_STDINT_H 1
| #define HAVE_UNISTD_H 1
| #define HAVE_STDLIB_H 1
| #define HAVE_MALLOC 1
| #define HAVE_STDLIB_H 1
| #define HAVE_REALLOC 1
| #define HAVE_STRNDUP 1
| #define TIME_WITH_SYS_TIME 1
| #define _FILE_OFFSET_BITS 64
| #define HAVE_VISIBILITY 1
| #define HAVE_ATTRIBUTE_PACKED 1
| #define HAVE_ATTRIBUTE_DEPRECATED 1
| #define HAVE_ATTRIBUTE_UNUSED 1
| #define HAVE_ATTRIBUTE_PURE 1
| #define HAVE_ATTRIBUTE_FORMAT 1
| #define HAVE_TLS 1
| #define HAVE_DLFCN_H 1
| #define LT_OBJDIR ".libs/"
| #define HAVE_SOCKET 1
| #define HAVE_STRDUP 1
| #define HAVE_STRCASECMP 1
| #define HAVE_STRNCASECMP 1
| #define HAVE_SNPRINTF 1
| #define HAVE_VSNPRINTF 1
| #define SIZEOF_LONG_INT 4
| #define STDC_HEADERS 1
| #define HAVE_STDDEF_H 1
| #define HAVE_INTTYPES_H 1
| #define HAVE_LIMITS_H 1
| #define HAVE_NET_ETHERNET_H 1
| #define HAVE_SYS_PRCTL_H 1
| #define HAVE_NETINET_IN_H 1
| #define HAVE_NETPACKET_PACKET_H 1
| #define HAVE_NETPACKET_PACKET_H 1
| #define HAVE_NET_IF_H 1
| #define HAVE_NETINET_ETHER_H 1
| #define HAVE_NETINET_IF_ETHER_H 1
| #define HAVE_NET_IF_ARP_H 1
| /* end confdefs.h.  */
| #include <gdc.h>
configure:17284: result: no
configure:17284: checking for gdc.h
configure:17284: result: no
configure:17294: checking for wandio_create in -lwandio
configure:17319: gcc -o conftest -g -O2 -Wall -Wmissing-prototypes -Wextra -DLT_BUILDING_DLL=1   conftest.c -lwandio   >&5
/usr/bin/ld: cannot find -lwandio
collect2: error: ld returned 1 exit status
configure:17319: $? = 1
configure: failed program was:
| /* confdefs.h */
| #define PACKAGE_NAME "libtrace"
| #define PACKAGE_TARNAME "libtrace"
| #define PACKAGE_VERSION "4.0.0"
| #define PACKAGE_STRING "libtrace 4.0.0"
| #define PACKAGE_BUGREPORT "contact@wand.net.nz"
| #define PACKAGE_URL ""
| #define PACKAGE "libtrace"
| #define VERSION "4.0.0"
| #define LIBTRACE_MAJOR ${LIBTRACE_MAJOR}
| #define LIBTRACE_MID ${LIBTRACE_MID}
| #define LIBTRACE_MINOR ${LIBTRACE_MINOR}
| #define STDC_HEADERS 1
| #define HAVE_SYS_TYPES_H 1
| #define HAVE_SYS_STAT_H 1
| #define HAVE_STDLIB_H 1
| #define HAVE_STRING_H 1
| #define HAVE_MEMORY_H 1
| #define HAVE_STRINGS_H 1
| #define HAVE_INTTYPES_H 1
| #define HAVE_STDINT_H 1
| #define HAVE_UNISTD_H 1
| #define HAVE_STDLIB_H 1
| #define HAVE_MALLOC 1
| #define HAVE_STDLIB_H 1
| #define HAVE_REALLOC 1
| #define HAVE_STRNDUP 1
| #define TIME_WITH_SYS_TIME 1
| #define _FILE_OFFSET_BITS 64
| #define HAVE_VISIBILITY 1
| #define HAVE_ATTRIBUTE_PACKED 1
| #define HAVE_ATTRIBUTE_DEPRECATED 1
| #define HAVE_ATTRIBUTE_UNUSED 1
| #define HAVE_ATTRIBUTE_PURE 1
| #define HAVE_ATTRIBUTE_FORMAT 1
| #define HAVE_TLS 1
| #define HAVE_DLFCN_H 1
| #define LT_OBJDIR ".libs/"
| #define HAVE_SOCKET 1
| #define HAVE_STRDUP 1
| #define HAVE_STRCASECMP 1
| #define HAVE_STRNCASECMP 1
| #define HAVE_SNPRINTF 1
| #define HAVE_VSNPRINTF 1
| #define SIZEOF_LONG_INT 4
| #define STDC_HEADERS 1
| #define HAVE_STDDEF_H 1
| #define HAVE_INTTYPES_H 1
| #define HAVE_LIMITS_H 1
| #define HAVE_NET_ETHERNET_H 1
| #define HAVE_SYS_PRCTL_H 1
| #define HAVE_NETINET_IN_H 1
| #define HAVE_NETPACKET_PACKET_H 1
| #define HAVE_NETPACKET_PACKET_H 1
| #define HAVE_NET_IF_H 1
| #define HAVE_NETINET_ETHER_H 1
| #define HAVE_NETINET_IF_ETHER_H 1
| #define HAVE_NET_IF_ARP_H 1
| /* end confdefs.h.  */
| 
| /* Override any GCC internal prototype to avoid an error.
|    Use char because int might match the return type of a GCC
|    builtin and then its argument prototype would still apply.  */
| #ifdef __cplusplus
| extern "C"
| #endif
| char wandio_create ();
| int
| main ()
| {
| return wandio_create ();
|   ;
|   return 0;
| }
configure:17328: result: no
configure:17337: error: libwandio is required to compile libtrace. If you have installed it in a non-standard location please use LDFLAGS to specify the location of the library. WANDIO can be obtained from http://research.wand.net.nz/software/libwandio.php

## ---------------- ##
## Cache variables. ##
## ---------------- ##

ac_cv_build=armv7l-unknown-linux-gnueabihf
ac_cv_c_bigendian=no
ac_cv_c_compiler_gnu=yes
ac_cv_c_const=yes
ac_cv_c_inline=inline
ac_cv_cxx_compiler_gnu=yes
ac_cv_env_CCC_set=
ac_cv_env_CCC_value=
ac_cv_env_CC_set=
ac_cv_env_CC_value=
ac_cv_env_CFLAGS_set=
ac_cv_env_CFLAGS_value=
ac_cv_env_CPPFLAGS_set=
ac_cv_env_CPPFLAGS_value=
ac_cv_env_CPP_set=
ac_cv_env_CPP_value=
ac_cv_env_CXXCPP_set=
ac_cv_env_CXXCPP_value=
ac_cv_env_CXXFLAGS_set=
ac_cv_env_CXXFLAGS_value=
ac_cv_env_CXX_set=
ac_cv_env_CXX_value=
ac_cv_env_LDFLAGS_set=
ac_cv_env_LDFLAGS_value=
ac_cv_env_LIBS_set=
ac_cv_env_LIBS_value=
ac_cv_env_build_alias_set=
ac_cv_env_build_alias_value=
ac_cv_env_host_alias_set=
ac_cv_env_host_alias_value=
ac_cv_env_target_alias_set=
ac_cv_env_target_alias_value=
ac_cv_func_malloc_0_nonnull=yes
ac_cv_func_realloc_0_nonnull=yes
ac_cv_func_snprintf=yes
ac_cv_func_socket=yes
ac_cv_func_strcasecmp=yes
ac_cv_func_strdup=yes
ac_cv_func_strlcpy=no
ac_cv_func_strncasecmp=yes
ac_cv_func_strndup=yes
ac_cv_func_vsnprintf=yes
ac_cv_header_dlfcn_h=yes
ac_cv_header_gdc_h=no
ac_cv_header_inttypes_h=yes
ac_cv_header_limits_h=yes
ac_cv_header_memory_h=yes
ac_cv_header_ncurses_h=no
ac_cv_header_net_bpf_h=no
ac_cv_header_net_ethernet_h=yes
ac_cv_header_net_if_arp_h=yes
ac_cv_header_net_if_h=yes
ac_cv_header_netinet_ether_h=yes
ac_cv_header_netinet_if_ether_h=yes
ac_cv_header_netinet_in_h=yes
ac_cv_header_netpacket_packet_h=yes
ac_cv_header_pcap_bpf_h=no
ac_cv_header_pcap_h=no
ac_cv_header_pcap_int_h=no
ac_cv_header_stdc=yes
ac_cv_header_stddef_h=yes
ac_cv_header_stdint_h=yes
ac_cv_header_stdlib_h=yes
ac_cv_header_string_h=yes
ac_cv_header_strings_h=yes
ac_cv_header_sys_limits_h=no
ac_cv_header_sys_prctl_h=yes
ac_cv_header_sys_stat_h=yes
ac_cv_header_sys_types_h=yes
ac_cv_header_time=yes
ac_cv_header_unistd_h=yes
ac_cv_host=armv7l-unknown-linux-gnueabihf
ac_cv_lib_wandio_wandio_create=no
ac_cv_objext=o
ac_cv_path_EGREP='/bin/grep -E'
ac_cv_path_FGREP='/bin/grep -F'
ac_cv_path_GREP=/bin/grep
ac_cv_path_SED=/bin/sed
ac_cv_path_install='/usr/bin/install -c'
ac_cv_path_mkdir=/bin/mkdir
ac_cv_prog_AWK=mawk
ac_cv_prog_CPP='gcc -E'
ac_cv_prog_CXXCPP='g++ -E'
ac_cv_prog_YACC='bison -y'
ac_cv_prog_ac_ct_AR=ar
ac_cv_prog_ac_ct_CC=gcc
ac_cv_prog_ac_ct_CXX=g++
ac_cv_prog_ac_ct_MANIFEST_TOOL=mt
ac_cv_prog_ac_ct_OBJDUMP=objdump
ac_cv_prog_ac_ct_RANLIB=ranlib
ac_cv_prog_ac_ct_STRIP=strip
ac_cv_prog_cc_c89=
ac_cv_prog_cc_g=yes
ac_cv_prog_cxx_g=yes
ac_cv_prog_gcc_traditional=no
ac_cv_prog_make_make_set=yes
ac_cv_sizeof_long_int=4
ac_cv_sys_file_offset_bits=64
ac_cv_sys_largefile_CC=no
ac_cv_type_size_t=yes
am_cv_CC_dependencies_compiler_type=gcc3
am_cv_CXX_dependencies_compiler_type=gcc3
am_cv_make_support_nested_variables=yes
gl_cv_cc_visibility=yes
lt_cv_ar_at_file=@
lt_cv_archive_cmds_need_lc=no
lt_cv_attribute_deprecated=yes
lt_cv_attribute_format=yes
lt_cv_attribute_packed=yes
lt_cv_attribute_pure=yes
lt_cv_attribute_tls=yes
lt_cv_attribute_unused=yes
lt_cv_deplibs_check_method=pass_all
lt_cv_file_magic_cmd='$MAGIC_CMD'
lt_cv_file_magic_test_file=
lt_cv_ld_reload_flag=-r
lt_cv_nm_interface='BSD nm'
lt_cv_objdir=.libs
lt_cv_path_LD=/usr/bin/ld
lt_cv_path_LDCXX=/usr/bin/ld
lt_cv_path_NM='/usr/bin/nm -B'
lt_cv_path_mainfest_tool=no
lt_cv_prog_compiler_c_o=yes
lt_cv_prog_compiler_c_o_CXX=yes
lt_cv_prog_compiler_pic='-fPIC -DPIC'
lt_cv_prog_compiler_pic_CXX='-fPIC -DPIC'
lt_cv_prog_compiler_pic_works=yes
lt_cv_prog_compiler_pic_works_CXX=yes
lt_cv_prog_compiler_rtti_exceptions=no
lt_cv_prog_compiler_static_works=yes
lt_cv_prog_compiler_static_works_CXX=yes
lt_cv_prog_gnu_ld=yes
lt_cv_prog_gnu_ldcxx=yes
lt_cv_sharedlib_from_linklib_cmd='printf %s\n'
lt_cv_shlibpath_overrides_runpath=no
lt_cv_sys_global_symbol_pipe='sed -n -e '\''s/^.*[	 ]\([ABCDGIRSTW][ABCDGIRSTW]*\)[	 ][	 ]*\([_A-Za-z][_A-Za-z0-9]*\)$/\1 \2 \2/p'\'' | sed '\''/ __gnu_lto/d'\'''
lt_cv_sys_global_symbol_to_c_name_address='sed -n -e '\''s/^: \([^ ]*\)[ ]*$/  {\"\1\", (void *) 0},/p'\'' -e '\''s/^[ABCDGIRSTW]* \([^ ]*\) \([^ ]*\)$/  {"\2", (void *) \&\2},/p'\'''
lt_cv_sys_global_symbol_to_c_name_address_lib_prefix='sed -n -e '\''s/^: \([^ ]*\)[ ]*$/  {\"\1\", (void *) 0},/p'\'' -e '\''s/^[ABCDGIRSTW]* \([^ ]*\) \(lib[^ ]*\)$/  {"\2", (void *) \&\2},/p'\'' -e '\''s/^[ABCDGIRSTW]* \([^ ]*\) \([^ ]*\)$/  {"lib\2", (void *) \&\2},/p'\'''
lt_cv_sys_global_symbol_to_cdecl='sed -n -e '\''s/^T .* \(.*\)$/extern int \1();/p'\'' -e '\''s/^[ABCDGIRSTW]* .* \(.*\)$/extern char \1;/p'\'''
lt_cv_sys_max_cmd_len=1572864
lt_cv_to_host_file_cmd=func_convert_file_noop
lt_cv_to_tool_file_cmd=func_convert_file_noop
lt_cv_werror_flag=yes
rw_cv_prog_cxx_works=yes

## ----------------- ##
## Output variables. ##
## ----------------- ##

ACLOCAL='${SHELL} /home/pi/c/libtrace-4.0.0/missing --run aclocal-1.11'
ADD_INCLS=''
ADD_LDFLAGS=' -L$(abs_top_srcdir)/lib'
AMDEPBACKSLASH='\'
AMDEP_FALSE='#'
AMDEP_TRUE=''
AMTAR='$${TAR-tar}'
AM_BACKSLASH='\'
AM_DEFAULT_V='$(AM_DEFAULT_VERBOSITY)'
AM_DEFAULT_VERBOSITY='0'
AM_V='$(V)'
AR='ar'
AUTOCONF='${SHELL} /home/pi/c/libtrace-4.0.0/missing --run autoconf'
AUTOHEADER='${SHELL} /home/pi/c/libtrace-4.0.0/missing --run autoheader'
AUTOMAKE='${SHELL} /home/pi/c/libtrace-4.0.0/missing --run automake-1.11'
AWK='mawk'
CC='gcc'
CCDEPMODE='depmode=gcc3'
CFLAGS='-g -O2 -Wall -Wmissing-prototypes -Wextra -DLT_BUILDING_DLL=1'
CFLAG_VISIBILITY='-fvisibility=hidden'
CPP='gcc -E'
CPPFLAGS=''
CXX='g++'
CXXCPP='g++ -E'
CXXDEPMODE='depmode=gcc3'
CXXFLAGS='-g -O2 -Wall -DLT_BUILDING_DLL=1'
CYGPATH_W='echo'
DAG2_4_FALSE=''
DAG2_4_TRUE=''
DAG2_5_FALSE=''
DAG2_5_TRUE=''
DAG_TOOLS_DIR=''
DAG_VERSION_NUM=''
DEFS=''
DEPDIR='.deps'
DLLTOOL='false'
DSYMUTIL=''
DUMPBIN=''
ECHO_C=''
ECHO_N='-n'
ECHO_T=''
EGREP='/bin/grep -E'
EXEEXT=''
FGREP='/bin/grep -F'
GREP='/bin/grep'
HAS_DOXYGEN_FALSE=''
HAS_DOXYGEN_TRUE=''
HAVE_ATTRIBUTE_DEPRECATED='1'
HAVE_ATTRIBUTE_FORMAT='1'
HAVE_ATTRIBUTE_PACKED='1'
HAVE_ATTRIBUTE_PURE='1'
HAVE_ATTRIBUTE_UNUSED='1'
HAVE_BPF_CAPTURE=''
HAVE_BPF_CAPTURE_FALSE=''
HAVE_BPF_CAPTURE_TRUE=''
HAVE_DAG_FALSE=''
HAVE_DAG_TRUE=''
HAVE_DPDK_FALSE=''
HAVE_DPDK_TRUE=''
HAVE_LIBGDC=''
HAVE_LIBGDC_FALSE=''
HAVE_LIBGDC_TRUE=''
HAVE_LLVM=''
HAVE_LLVM_FALSE=''
HAVE_LLVM_TRUE=''
HAVE_NCURSES=''
HAVE_NCURSES_FALSE=''
HAVE_NCURSES_TRUE=''
HAVE_NETPACKET_PACKET_H_FALSE=''
HAVE_NETPACKET_PACKET_H_TRUE=''
HAVE_TLS='1'
HAVE_VISIBILITY='1'
INSTALL_DATA='${INSTALL} -m 644'
INSTALL_PROGRAM='${INSTALL}'
INSTALL_SCRIPT='${INSTALL}'
INSTALL_STRIP_PROGRAM='$(install_sh) -c -s'
LD='/usr/bin/ld'
LDFLAGS=''
LEX='${SHELL} /home/pi/c/libtrace-4.0.0/missing --run flex'
LEXLIB=''
LEX_OUTPUT_ROOT=''
LIBCFLAGS=''
LIBCXXFLAGS=''
LIBOBJS=''
LIBPKTDUMP_LIBS='-ltrace '
LIBS=''
LIBTOOL='$(SHELL) $(top_builddir)/libtool'
LIBTRACE_LIBS=''
LIBTRACE_MAJOR='4'
LIBTRACE_MID='0'
LIBTRACE_MINOR='0'
LIPO=''
LLVM_CONFIG=''
LLVM_GCC=''
LN_S='ln -s'
LTLIBOBJS=''
MAKEINFO='${SHELL} /home/pi/c/libtrace-4.0.0/missing --run makeinfo'
MANIFEST_TOOL=':'
MANPAGES=''
MKDIR_P='/bin/mkdir -p'
NM='/usr/bin/nm -B'
NMEDIT=''
OBJDUMP='objdump'
OBJEXT='o'
OTOOL64=''
OTOOL=''
PACKAGE='libtrace'
PACKAGE_BUGREPORT='contact@wand.net.nz'
PACKAGE_NAME='libtrace'
PACKAGE_STRING='libtrace 4.0.0'
PACKAGE_TARNAME='libtrace'
PACKAGE_URL=''
PACKAGE_VERSION='4.0.0'
PATH_SEPARATOR=':'
RANLIB='ranlib'
RTE_SDK=''
RTE_TARGET=''
SED='/bin/sed'
SET_MAKE=''
SHELL='/bin/bash'
STRIP='strip'
TOOLS_LIBS=''
VERSION='4.0.0'
YACC='bison -y'
ac_ct_AR='ar'
ac_ct_CC='gcc'
ac_ct_CXX='g++'
ac_ct_DUMPBIN=''
am__EXEEXT_FALSE=''
am__EXEEXT_TRUE=''
am__fastdepCC_FALSE='#'
am__fastdepCC_TRUE=''
am__fastdepCXX_FALSE='#'
am__fastdepCXX_TRUE=''
am__include='include'
am__isrc=''
am__leading_dot='.'
am__nodep='_no'
am__quote=''
am__tar='$${TAR-tar} chof - "$$tardir"'
am__untar='$${TAR-tar} xf -'
bindir='${exec_prefix}/bin'
build='armv7l-unknown-linux-gnueabihf'
build_alias=''
build_cpu='armv7l'
build_os='linux-gnueabihf'
build_vendor='unknown'
datadir='${datarootdir}'
datarootdir='${prefix}/share'
docdir='${datarootdir}/doc/${PACKAGE_TARNAME}'
dvidir='${docdir}'
exec_prefix='NONE'
host='armv7l-unknown-linux-gnueabihf'
host_alias=''
host_cpu='armv7l'
host_os='linux-gnueabihf'
host_vendor='unknown'
htmldir='${docdir}'
includedir='${prefix}/include'
infodir='${datarootdir}/info'
install_sh='${SHELL} /home/pi/c/libtrace-4.0.0/install-sh'
libdir='${exec_prefix}/lib'
libexecdir='${exec_prefix}/libexec'
libtrace_doxygen=''
localedir='${datarootdir}/locale'
localstatedir='${prefix}/var'
mandir='${datarootdir}/man'
mkdir_p='/bin/mkdir -p'
oldincludedir='/usr/include'
pdfdir='${docdir}'
prefix='NONE'
program_transform_name='s,x,x,'
psdir='${docdir}'
sbindir='${exec_prefix}/sbin'
sharedstatedir='${prefix}/com'
sysconfdir='${prefix}/etc'
target_alias=''

## ----------- ##
## confdefs.h. ##
## ----------- ##

/* confdefs.h */
#define PACKAGE_NAME "libtrace"
#define PACKAGE_TARNAME "libtrace"
#define PACKAGE_VERSION "4.0.0"
#define PACKAGE_STRING "libtrace 4.0.0"
#define PACKAGE_BUGREPORT "contact@wand.net.nz"
#define PACKAGE_URL ""
#define PACKAGE "libtrace"
#define VERSION "4.0.0"
#define LIBTRACE_MAJOR ${LIBTRACE_MAJOR}
#define LIBTRACE_MID ${LIBTRACE_MID}
#define LIBTRACE_MINOR ${LIBTRACE_MINOR}
#define STDC_HEADERS 1
#define HAVE_SYS_TYPES_H 1
#define HAVE_SYS_STAT_H 1
#define HAVE_STDLIB_H 1
#define HAVE_STRING_H 1
#define HAVE_MEMORY_H 1
#define HAVE_STRINGS_H 1
#define HAVE_INTTYPES_H 1
#define HAVE_STDINT_H 1
#define HAVE_UNISTD_H 1
#define HAVE_STDLIB_H 1
#define HAVE_MALLOC 1
#define HAVE_STDLIB_H 1
#define HAVE_REALLOC 1
#define HAVE_STRNDUP 1
#define TIME_WITH_SYS_TIME 1
#define _FILE_OFFSET_BITS 64
#define HAVE_VISIBILITY 1
#define HAVE_ATTRIBUTE_PACKED 1
#define HAVE_ATTRIBUTE_DEPRECATED 1
#define HAVE_ATTRIBUTE_UNUSED 1
#define HAVE_ATTRIBUTE_PURE 1
#define HAVE_ATTRIBUTE_FORMAT 1
#define HAVE_TLS 1
#define HAVE_DLFCN_H 1
#define LT_OBJDIR ".libs/"
#define HAVE_SOCKET 1
#define HAVE_STRDUP 1
#define HAVE_STRCASECMP 1
#define HAVE_STRNCASECMP 1
#define HAVE_SNPRINTF 1
#define HAVE_VSNPRINTF 1
#define SIZEOF_LONG_INT 4
#define STDC_HEADERS 1
#define HAVE_STDDEF_H 1
#define HAVE_INTTYPES_H 1
#define HAVE_LIMITS_H 1
#define HAVE_NET_ETHERNET_H 1
#define HAVE_SYS_PRCTL_H 1
#define HAVE_NETINET_IN_H 1
#define HAVE_NETPACKET_PACKET_H 1
#define HAVE_NETPACKET_PACKET_H 1
#define HAVE_NET_IF_H 1
#define HAVE_NETINET_ETHER_H 1
#define HAVE_NETINET_IF_ETHER_H 1
#define HAVE_NET_IF_ARP_H 1

configure: exit 1
